<?xml version="1.0" encoding="utf-8"?><testsuites name="pytest tests"><testsuite name="pytest" errors="0" failures="0" skipped="0" tests="4" time="3.744" timestamp="2026-07-30T22:00:23.040844+08:00" hostname="PC-202607271509"><testcase classname="tests.phase_d.test_d2_physics" name="test_plant_a_initial_rocof_and_balance" time="0.002" /><testcase classname="tests.phase_d.test_d2_physics" name="test_bess_shared_capability_energy_and_delay" time="0.004" /><testcase classname="tests.phase_d.test_d2_physics" name="test_direction1_runtime_namespace_does_not_import_historical_controller" time="0.001" /><testcase classname="tests.phase_d.test_d2_physics" name="test_native_andes_external_bridge_matches_native_events" time="3.601" /></testsuite></testsuites>