<?xml version="1.0" encoding="utf-8"?><testsuites name="pytest tests"><testsuite name="pytest" errors="0" failures="0" skipped="0" tests="26" time="4.860" timestamp="2026-07-30T22:06:21.642523+08:00" hostname="PC-202607271509"><testcase classname="tests.phase_d.test_d1_literature" name="test_d1_literature_gate" time="0.001" /><testcase classname="tests.phase_d.test_d1_literature" name="test_d1_required_anchors_and_metadata_correction" time="0.000" /><testcase classname="tests.phase_d.test_d2_physics" name="test_plant_a_initial_rocof_and_balance" time="0.001" /><testcase classname="tests.phase_d.test_d2_physics" name="test_bess_shared_capability_energy_and_delay" time="0.004" /><testcase classname="tests.phase_d.test_d2_physics" name="test_direction1_runtime_namespace_does_not_import_historical_controller" time="0.000" /><testcase classname="tests.phase_d.test_d2_physics" name="test_native_andes_external_bridge_matches_native_events" time="3.002" /><testcase classname="tests.phase_c.test_c1_literature" name="test_literature_preregistration_counts_and_fields" time="0.001" /><testcase classname="tests.phase_c.test_c1_literature" name="test_metadata_verification_has_no_fabricated_records" time="0.000" /><testcase classname="tests.phase_c.test_c2_physics" name="test_initial_rocof_matches_analytic_below_one_percent" time="0.000" /><testcase classname="tests.phase_c.test_c2_physics" name="test_bess_energy_conservation_and_no_free_energy_at_boundary" time="0.000" /><testcase classname="tests.phase_c.test_c2_physics" name="test_pfr_and_sfr_share_one_capability" time="0.000" /><testcase classname="tests.phase_c.test_c2_physics" name="test_tie_sign_and_ace_sign" time="0.000" /><testcase classname="tests.phase_c.test_c2_physics" name="test_multi_machine_network_dae_runs_and_observation_excludes_hidden_state" time="0.002" /><testcase classname="tests.phase_c.test_c3_validation" name="test_analytic_jacobian_matches_central_difference" time="0.000" /><testcase classname="tests.phase_c.test_c3_validation" name="test_energy_boundary_collapses_outward_capability" time="0.000" /><testcase classname="tests.phase_c.test_c3_validation" name="test_observation_contract_has_no_hidden_arguments" time="0.000" /><testcase classname="tests.phase_c.test_c4_oracle" name="test_oracle_information_hierarchy" time="0.000" /><testcase classname="tests.phase_c.test_c4_oracle" name="test_o2_multiple_shooting_solve_quality" time="0.249" /><testcase classname="tests.phase_c.test_c5_identifiability" name="test_detector_finds_three_sources_after_change" time="0.019" /><testcase classname="tests.phase_c.test_c5_identifiability" name="test_nominal_trace_has_no_alarm" time="0.004" /><testcase classname="tests.phase_c.test_c6_set_adaptive" name="test_deployed_api_cannot_accept_true_hidden_information" time="0.000" /><testcase classname="tests.phase_c.test_c6_set_adaptive" name="test_set_resets_conservatively_after_unavailable_output" time="0.000" /><testcase classname="tests.phase_c.test_c6_set_adaptive" name="test_backup_uses_sg_only_on_invalid_measurement" time="0.000" /><testcase classname="tests.phase_c.test_c7_protocol" name="test_final_seed_firewall" time="0.000" /><testcase classname="tests.phase_c.test_c7_protocol" name="test_not_evaluated_is_distinct_from_failure" time="0.000" /><testcase classname="tests.phase_c.test_c7_protocol" name="test_final_seed_counts_and_scenario_mapping" time="0.000" /></testsuite></testsuites>