<?xml version="1.0" encoding="utf-8"?><testsuites name="pytest tests"><testsuite name="pytest" errors="0" failures="0" skipped="0" tests="3" time="0.162" timestamp="2026-07-30T22:10:07.286728+08:00" hostname="PC-202607271509"><testcase classname="tests.phase_d.test_d3_causal_estimation" name="test_capability_estimator_is_causal_by_api_and_source" time="0.007" /><testcase classname="tests.phase_d.test_d3_causal_estimation" name="test_cusum_has_no_nominal_alarm_and_resets_on_persistent_mismatch" time="0.005" /><testcase classname="tests.phase_d.test_d3_causal_estimation" name="test_augmented_load_filter_uses_public_shapes_and_finite_covariance" time="0.002" /></testsuite></testsuites>