<?xml version="1.0" encoding="utf-8"?><testsuites name="pytest tests"><testsuite name="pytest" errors="0" failures="0" skipped="0" tests="8" time="0.887" timestamp="2026-07-30T15:44:23.210096+08:00" hostname="PC-202607271509"><testcase classname="tests_phase_b2.test_phase_b2_statistics" name="test_all_false_triggers_are_inconclusive" time="0.000" /><testcase classname="tests_phase_b2.test_phase_b2_statistics" name="test_single_active_trigger_is_the_only_decision" time="0.000" /><testcase classname="tests_phase_b2.test_phase_b2_statistics" name="test_combined_contains_only_active_triggers" time="0.000" /><testcase classname="tests_phase_b2.test_phase_b2_statistics" name="test_ratio_of_balanced_means_is_not_episode_ratio_mean" time="0.006" /><testcase classname="tests_phase_b2.test_phase_b2_statistics" name="test_reference_only_failure_is_retained" time="0.015" /><testcase classname="tests_phase_b2.test_phase_b2_statistics" name="test_total_cost_contains_sg_and_ibr_energy_and_mileage" time="0.001" /><testcase classname="tests_phase_b2.test_phase_b2_statistics" name="test_corrected_phase_b1_decision_has_no_active_trigger" time="0.001" /><testcase classname="tests_phase_b2.test_phase_b2_statistics" name="test_corrected_phase_b1_retains_sixty_b0_sg_c_failures" time="0.003" /></testsuite></testsuites>