<?xml version="1.0" encoding="utf-8"?><testsuites name="pytest tests"><testsuite name="pytest" errors="0" failures="0" skipped="0" tests="609" time="88.690" timestamp="2026-07-30T15:44:42.968551+08:00" hostname="PC-202607271509"><testcase classname="tests.test_arx_recovery" name="test_regression_uses_phi_k_to_predict_p_k_plus_one" time="0.001" /><testcase classname="tests.test_arx_recovery" name="test_noise_free_persistently_exciting_arx_recovers_all_parameters" time="0.003" /><testcase classname="tests.test_arx_recovery" name="test_ridge_matches_equation_77_including_penalized_constant" time="0.001" /><testcase classname="tests.test_arx_recovery" name="test_residual_variance_uses_n_regression_rows_minus_seven" time="0.001" /><testcase classname="tests.test_arx_recovery" name="test_trajectory_fit_uses_literal_equation_78_raw_sample_count" time="0.001" /><testcase classname="tests.test_arx_recovery" name="test_fit_result_owns_immutable_arrays" time="0.001" /><testcase classname="tests.test_arx_recovery" name="test_regression_rejects_invalid_trajectories[p0-u0-omega0-at least three]" time="0.001" /><testcase classname="tests.test_arx_recovery" name="test_regression_rejects_invalid_trajectories[p1-u1-omega1-equal length]" time="0.001" /><testcase classname="tests.test_arx_recovery" name="test_regression_rejects_invalid_trajectories[p2-u2-omega2-finite]" time="0.001" /><testcase classname="tests.test_arx_recovery" name="test_fit_requires_positive_residual_degrees_of_freedom" time="0.000" /><testcase classname="tests.test_arx_recovery" name="test_arx_inputs_reject_complex_values_without_casting_warning" time="0.000" /><testcase classname="tests.test_arx_recovery" name="test_fit_rejects_invalid_ridge_lambda[-1.0]" time="0.000" /><testcase classname="tests.test_arx_recovery" name="test_fit_rejects_invalid_ridge_lambda[nan]" time="0.000" /><testcase classname="tests.test_arx_recovery" name="test_fit_rejects_invalid_ridge_lambda[inf]" time="0.000" /><testcase classname="tests.test_arx_state_space" name="test_arx_state_space_matches_equations_21_through_25" time="0.000" /><testcase classname="tests.test_arx_state_space" name="test_state_update_matches_scalar_arx_and_updates_all_lags" time="0.000" /><testcase classname="tests.test_arx_state_space" name="test_state_space_rollout_matches_repeated_scalar_arx" time="0.001" /><testcase classname="tests.test_arx_state_space" name="test_conversion_returns_fresh_caller_owned_matrices" time="0.000" /><testcase classname="tests.test_arx_state_space" name="test_conversion_rejects_invalid_theta[theta0]" time="0.000" /><testcase classname="tests.test_arx_state_space" name="test_conversion_rejects_invalid_theta[theta1]" time="0.000" /><testcase classname="tests.test_arx_state_space" name="test_conversion_rejects_invalid_theta[theta2]" time="0.000" /><testcase classname="tests.test_arx_state_space" name="test_conversion_rejects_invalid_theta[theta3]" time="0.000" /><testcase classname="tests.test_arx_state_space" name="test_state_history_rejects_non_finite_values" time="0.000" /><testcase classname="tests.test_closed_loop_diagnostics" name="test_truth_timeline_preserves_right_continuous_mode_switch_within_tolerance" time="0.000" /><testcase classname="tests.test_closed_loop_diagnostics" name="test_k6_beliefs_are_aggregated_and_switch_requires_three_consecutive_steps" time="0.012" /><testcase classname="tests.test_closed_loop_diagnostics" name="test_k4_probability_rows_are_normalized_only_within_declared_tolerance" time="0.003" /><testcase classname="tests.test_closed_loop_diagnostics" name="test_false_alarm_rate_is_exposure_normalized_on_constant_known_episode" time="0.003" /><testcase classname="tests.test_closed_loop_diagnostics" name="test_ood_metrics_exclude_unknown_truth_from_known_class_probabilities" time="0.005" /><testcase classname="tests.test_closed_loop_diagnostics" name="test_ood_event_is_retained_as_right_censored" time="0.005" /><testcase classname="tests.test_closed_loop_diagnostics" name="test_methods_without_diagnosis_publish_only_null_fields" time="0.000" /><testcase classname="tests.test_closed_loop_diagnostics" name="test_oracle_requires_truth_informed_qualification_and_never_publishes_standard_fields" time="0.000" /><testcase classname="tests.test_closed_loop_diagnostics" name="test_failed_episode_retains_aligned_prefix_and_drops_only_unobservable_suffix" time="0.002" /><testcase classname="tests.test_closed_loop_diagnostics" name="test_internal_or_complete_time_misalignment_is_rejected" time="0.001" /><testcase classname="tests.test_closed_loop_diagnostics" name="test_warmup_and_explicit_invalid_updates_are_excluded" time="0.002" /><testcase classname="tests.test_closed_loop_diagnostics" name="test_missing_ood_runtime_fields_do_not_fabricate_ood_metrics" time="0.002" /><testcase classname="tests.test_closed_loop_diagnostics" name="test_mapping_and_record_invariants_are_strict" time="0.001" /><testcase classname="tests.test_closed_loop_diagnostics" name="test_episode_data_adapter_returns_runner_contribution" time="0.004" /><testcase classname="tests.test_closed_loop_diagnostics" name="test_episode_adapter_computes_diagnostic_risk_to_detection" time="0.003" /><testcase classname="tests.test_closed_loop_metrics" name="test_frequency_uses_high_frequency_truth_and_control_metrics_use_control_rate" time="0.001" /><testcase classname="tests.test_closed_loop_metrics" name="test_sg_and_ibr_constraints_include_initial_to_first_slew" time="0.001" /><testcase classname="tests.test_closed_loop_metrics" name="test_command_constraint_audit_tolerates_only_binary64_roundoff" time="0.001" /><testcase classname="tests.test_closed_loop_metrics" name="test_rocof_is_derived_from_nonuniform_high_frequency_trace_not_control_steps" time="0.001" /><testcase classname="tests.test_closed_loop_metrics" name="test_exact_rocof_truth_overrides_frequency_gradient_at_a_jump" time="0.001" /><testcase classname="tests.test_closed_loop_metrics" name="test_settling_is_relative_to_explicit_last_event_but_iae_remains_full_episode" time="0.001" /><testcase classname="tests.test_closed_loop_metrics" name="test_incomplete_prefix_before_settling_reference_is_censored_not_discarded" time="0.001" /><testcase classname="tests.test_closed_loop_metrics" name="test_detection_delay_requires_new_edge_after_preexisting_alarm_and_retains_censoring" time="0.000" /><testcase classname="tests.test_closed_loop_metrics" name="test_closed_loop_detection_and_censored_ood_are_flattened_with_risk_integral" time="0.001" /><testcase classname="tests.test_closed_loop_metrics" name="test_nan_returns_explicit_prefix_metrics_and_all_catastrophic_subflags_are_separate" time="0.001" /><testcase classname="tests.test_closed_loop_metrics" name="test_safety_boundary_and_not_recovered_flags_do_not_hide_completed_run" time="0.001" /><testcase classname="tests.test_closed_loop_metrics" name="test_method_prefixed_fallback_state_covers_solver_failure_and_duration" time="0.001" /><testcase classname="tests.test_closed_loop_metrics" name="test_truth_point_builder_coalesces_consistent_control_step_boundaries" time="0.001" /><testcase classname="tests.test_closed_loop_metrics" name="test_truth_point_builder_preserves_strictly_later_event_boundary" time="0.000" /><testcase classname="tests.test_closed_loop_runner" name="test_nearby_truth_points_preserve_a_real_discontinuity" time="0.000" /><testcase classname="tests.test_closed_loop_runner" name="test_ordinary_controller_receives_measurement_only_and_endpoint_closes_integral" time="0.011" /><testcase classname="tests.test_closed_loop_runner" name="test_oracle_truth_requires_explicit_callbacks_and_reads_inner_step_records" time="0.005" /><testcase classname="tests.test_closed_loop_runner" name="test_any_episode_stage_exception_is_atomically_retained[controller-controller_act-False]" time="0.004" /><testcase classname="tests.test_closed_loop_runner" name="test_any_episode_stage_exception_is_atomically_retained[simulator-simulator_step-False]" time="0.005" /><testcase classname="tests.test_closed_loop_runner" name="test_any_episode_stage_exception_is_atomically_retained[metrics-metrics-True]" time="0.004" /><testcase classname="tests.test_closed_loop_runner" name="test_late_incomplete_run_stores_bounded_endpoint_preserving_truth_prefix" time="0.476" /><testcase classname="tests.test_closed_loop_runner" name="test_verified_resume_skips_controller_and_simulator_reexecution" time="0.005" /><testcase classname="tests.test_closed_loop_runner" name="test_non_solver_statuses_do_not_fabricate_solver_attempts[fallback_lqi]" time="0.004" /><testcase classname="tests.test_closed_loop_runner" name="test_non_solver_statuses_do_not_fabricate_solver_attempts[not_applicable]" time="0.004" /><testcase classname="tests.test_closed_loop_runner" name="test_resume_requires_exact_requested_run_provenance" time="0.005" /><testcase classname="tests.test_closed_loop_runner" name="test_runner_integrates_real_hybrid_simulator_truth_protocol" time="0.009" /><testcase classname="tests.test_closed_loop_runner" name="test_settling_reference_uses_last_deterministic_load_or_mode_event" time="0.000" /><testcase classname="tests.test_closed_loop_runner" name="test_frozen_s1_s5_s9_settling_reference_times_match_preregistered_events" time="0.033" /><testcase classname="tests.test_closed_loop_scenarios" name="test_frozen_protocol_has_exact_timebase_methods_variants_and_seed_sets" time="0.034" /><testcase classname="tests.test_closed_loop_scenarios" name="test_scenario_families_are_concrete_and_semantically_frozen" time="0.033" /><testcase classname="tests.test_closed_loop_scenarios" name="test_tuning_rule_is_validation_only_and_precedes_final_ledger" time="0.034" /><testcase classname="tests.test_closed_loop_scenarios" name="test_closed_schema_rejects_unknown_missing_or_changed_frozen_fields[unknown_root]" time="0.034" /><testcase classname="tests.test_closed_loop_scenarios" name="test_closed_schema_rejects_unknown_missing_or_changed_frozen_fields[missing_field]" time="0.035" /><testcase classname="tests.test_closed_loop_scenarios" name="test_closed_schema_rejects_unknown_missing_or_changed_frozen_fields[wrong_seed]" time="0.034" /><testcase classname="tests.test_closed_loop_scenarios" name="test_protocol_timebase_matches_base_config" time="0.042" /><testcase classname="tests.test_closed_loop_scenarios" name="test_only_oracle_and_train_only_ablation_have_declared_truth_access" time="0.032" /><testcase classname="tests.test_config" name="test_deep_merge_is_recursive_and_does_not_mutate_inputs" time="0.000" /><testcase classname="tests.test_config" name="test_load_config_merges_ordered_yaml_layers_and_overrides" time="0.007" /><testcase classname="tests.test_config" name="test_paths_are_resolved_explicitly" time="0.001" /><testcase classname="tests.test_config" name="test_load_yaml_rejects_non_mapping_root" time="0.001" /><testcase classname="tests.test_distinguishability" name="test_equations_38_and_39_are_evaluated_exactly" time="0.001" /><testcase classname="tests.test_distinguishability" name="test_pairwise_matrix_is_symmetric_with_zero_diagonal" time="0.001" /><testcase classname="tests.test_distinguishability" name="test_zero_total_variance_and_complex_data_are_rejected" time="0.000" /><testcase classname="tests.test_disturbances" name="test_step_and_pulse_load_events_have_unambiguous_boundaries" time="0.000" /><testcase classname="tests.test_disturbances" name="test_sampled_noise_is_seeded_zoh_and_query_order_independent" time="0.001" /><testcase classname="tests.test_disturbances" name="test_disturbance_spec_realization_is_reproducible" time="0.000" /><testcase classname="tests.test_environment" name="test_environment_collection_is_allowlisted_and_python_311" time="0.015" /><testcase classname="tests.test_environment" name="test_recursive_redaction_covers_required_sensitive_key_fragments" time="0.000" /><testcase classname="tests.test_environment" name="test_write_environment_info_redacts_caller_supplied_metadata" time="0.001" /><testcase classname="tests.test_experiment_store" name="test_strict_json_round_trip_has_null_not_nan_and_verified_sha256" time="0.003" /><testcase classname="tests.test_experiment_store" name="test_resume_rejects_tampering_and_same_run_id_with_changed_identity" time="0.003" /><testcase classname="tests.test_experiment_store" name="test_conflicting_rewrite_never_overwrites_valid_existing_run" time="0.003" /><testcase classname="tests.test_experiment_store" name="test_parallel_distinct_runs_publish_only_independent_files" time="0.012" /><testcase classname="tests.test_fallback" name="test_each_equation_70_condition_triggers_fallback[overrides0]" time="0.000" /><testcase classname="tests.test_fallback" name="test_each_equation_70_condition_triggers_fallback[overrides1]" time="0.000" /><testcase classname="tests.test_fallback" name="test_each_equation_70_condition_triggers_fallback[overrides2]" time="0.000" /><testcase classname="tests.test_fallback" name="test_each_equation_70_condition_triggers_fallback[overrides3]" time="0.000" /><testcase classname="tests.test_fallback" name="test_fallback_slack_threshold_is_strict_and_reasons_are_auditable" time="0.000" /><testcase classname="tests.test_fallback" name="test_equation_71_withdraws_positive_and_negative_commands_without_overshoot" time="0.000" /><testcase classname="tests.test_fallback" name="test_joint_amplitude_and_rate_clipping" time="0.000" /><testcase classname="tests.test_fallback" name="test_controller_implements_uniform_runtime_api_without_truth_argument" time="0.003" /><testcase classname="tests.test_fallback" name="test_controller_requires_reset_and_rejects_bad_estimator_state" time="0.003" /><testcase classname="tests.test_fallback" name="test_fallback_helpers_reject_nonfinite_or_invalid_inputs" time="0.000" /><testcase classname="tests.test_feature_standardization" name="test_feature_is_theta_plus_log_variance_with_exact_dimension" time="0.000" /><testcase classname="tests.test_feature_standardization" name="test_standardizer_matches_training_only_sklearn_statistics" time="0.001" /><testcase classname="tests.test_feature_standardization" name="test_constant_training_column_uses_standard_scaler_unit_scale" time="0.001" /><testcase classname="tests.test_feature_standardization" name="test_standardizer_rejects_non_eight_dimensional_or_nonreal_features[features0-ValueError]" time="0.000" /><testcase classname="tests.test_feature_standardization" name="test_standardizer_rejects_non_eight_dimensional_or_nonreal_features[features1-TypeError]" time="0.000" /><testcase classname="tests.test_feature_standardization" name="test_standardizer_rejects_non_eight_dimensional_or_nonreal_features[features2-ValueError]" time="0.000" /><testcase classname="tests.test_feature_standardization" name="test_held_out_assignment_reuses_frozen_scaler_and_mixture" time="1.305" /><testcase classname="tests.test_final_arx_mpc" name="test_fixed_reference_selection_is_deterministic_frozen_and_label_free" time="0.001" /><testcase classname="tests.test_final_arx_mpc" name="test_parameterized_singleton_reuses_one_dpp_graph_across_arx_updates" time="0.015" /><testcase classname="tests.test_final_arx_mpc" name="test_singleton_epigraph_is_anchored_and_tight_at_optimum" time="0.098" /><testcase classname="tests.test_final_arx_mpc" name="test_final_arx_controller_implements_uniform_api_and_strict_failure_fallback" time="0.015" /><testcase classname="tests.test_final_arx_mpc" name="test_single_model_config_removes_uncertainty_only_worst_term" time="0.000" /><testcase classname="tests.test_final_controller_factories" name="test_library_binding_rejects_tampering_and_enforces_alternate_k4_contract" time="0.010" /><testcase classname="tests.test_final_controller_factories" name="test_final_tier_excludes_debug_solvers_and_factories_share_uniform_api" time="0.066" /><testcase classname="tests.test_final_controller_factories" name="test_factory_uses_hash_audited_known_only_ood_hysteresis_selection" time="0.023" /><testcase classname="tests.test_final_controller_factories" name="test_debug_tier_is_explicit_and_variant_configuration_is_frozen" time="0.026" /><testcase classname="tests.test_final_controller_factories" name="test_solver_tier_rejects_configuration_without_an_allowed_solver[final-removed_solvers0-final solver tier requires MOSEK or GUROBI]" time="0.019" /><testcase classname="tests.test_final_controller_factories" name="test_solver_tier_rejects_configuration_without_an_allowed_solver[debug-removed_solvers1-debug solver tier requires CLARABEL or SCS]" time="0.018" /><testcase classname="tests.test_final_controller_factories" name="test_factory_rejects_cross_protocol_controller_wiring" time="0.027" /><testcase classname="tests.test_fixed_model_mpc" name="test_fixed_controller_is_controller_visible_and_returns_feasible_action" time="0.066" /><testcase classname="tests.test_fixed_model_mpc" name="test_fixed_controller_api_has_no_truth_argument" time="0.000" /><testcase classname="tests.test_fixed_model_mpc" name="test_fixed_mpc_with_grid_estimator_rejects_steady_load_offset" time="37.457" /><testcase classname="tests.test_global_arx_refit" name="test_global_refit_pools_cluster_samples_and_retains_component_ids" time="0.003" /><testcase classname="tests.test_global_arx_refit" name="test_global_refit_is_not_an_average_of_local_coefficients" time="0.002" /><testcase classname="tests.test_global_arx_refit" name="test_rank_deficiency_is_reported_as_infinite_condition_number" time="0.001" /><testcase classname="tests.test_global_arx_refit" name="test_refit_rejects_renumbered_or_gapped_components" time="0.001" /><testcase classname="tests.test_global_arx_refit" name="test_per_component_held_out_multistep_metrics_are_aggregated" time="0.004" /><testcase classname="tests.test_global_arx_refit" name="test_complete_unlabeled_pipeline_discovers_and_refits_two_components" time="0.040" /><testcase classname="tests.test_gmm_bic" name="test_bic_search_uses_all_k_one_through_six_and_recovers_four" time="0.082" /><testcase classname="tests.test_gmm_bic" name="test_gmm_multirestart_is_deterministic_without_external_labels" time="0.125" /><testcase classname="tests.test_gmm_bic" name="test_candidate_range_is_capped_by_episode_count" time="0.010" /><testcase classname="tests.test_gmm_bic" name="test_candidate_failure_is_recorded_and_does_not_abort_search" time="0.015" /><testcase classname="tests.test_gmm_sensitivity_audit" name="test_audit_is_source_isolated_and_cli_loads_only_train" time="0.006" /><testcase classname="tests.test_gmm_sensitivity_audit" name="test_audit_writes_only_diagnostic_csv_and_summary_and_preserves_sentinel" time="0.074" /><testcase classname="tests.test_gmm_sensitivity_audit" name="test_nonempty_output_is_rejected_without_touching_sentinel" time="0.068" /><testcase classname="tests.test_grid_equilibrium" name="test_zero_state_and_zero_inputs_are_an_equilibrium" time="0.001" /><testcase classname="tests.test_grid_equilibrium" name="test_nonzero_power_balance_is_an_equilibrium" time="0.001" /><testcase classname="tests.test_grid_equilibrium" name="test_continuous_matrices_match_equations_7_and_8" time="0.001" /><testcase classname="tests.test_grid_equilibrium" name="test_matrix_properties_are_defensive_copies" time="0.001" /><testcase classname="tests.test_grid_kf" name="test_predict_and_update_match_equations_33_to_37" time="0.002" /><testcase classname="tests.test_grid_kf" name="test_load_random_walk_noise_is_mapped_through_exact_Gd" time="0.001" /><testcase classname="tests.test_grid_kf" name="test_step_matches_separate_predict_and_update" time="0.002" /><testcase classname="tests.test_grid_kf" name="test_filter_estimates_a_constant_unmeasured_load" time="0.012" /><testcase classname="tests.test_grid_kf" name="test_controller_measurement_adapter_uses_previous_ibr_power" time="0.002" /><testcase classname="tests.test_grid_kf_validation" name="test_augmented_observability_excludes_only_integral_constant_offset" time="0.001" /><testcase classname="tests.test_grid_kf_validation" name="test_covariances_are_strictly_validated[process-value0-shape]" time="0.001" /><testcase classname="tests.test_grid_kf_validation" name="test_covariances_are_strictly_validated[process-value1-semidefinite]" time="0.001" /><testcase classname="tests.test_grid_kf_validation" name="test_covariances_are_strictly_validated[process-value2-symmetric]" time="0.001" /><testcase classname="tests.test_grid_kf_validation" name="test_covariances_are_strictly_validated[measurement-value3-shape]" time="0.001" /><testcase classname="tests.test_grid_kf_validation" name="test_covariances_are_strictly_validated[measurement-value4-positive definite]" time="0.001" /><testcase classname="tests.test_grid_kf_validation" name="test_covariances_are_strictly_validated[measurement-value5-finite]" time="0.001" /><testcase classname="tests.test_grid_kf_validation" name="test_covariances_are_strictly_validated[initial-value6-shape]" time="0.001" /><testcase classname="tests.test_grid_kf_validation" name="test_state_and_covariance_properties_are_defensive_copies" time="0.001" /><testcase classname="tests.test_grid_kf_validation" name="test_reset_validates_and_copies_inputs" time="0.001" /><testcase classname="tests.test_grid_kf_validation" name="test_invalid_step_is_rejected_before_state_mutation" time="0.001" /><testcase classname="tests.test_grid_kf_validation" name="test_measurement_adapter_requires_reset_and_visible_type" time="0.001" /><testcase classname="tests.test_grid_kf_validation" name="test_covariance_remains_symmetric_positive_semidefinite" time="0.030" /><testcase classname="tests.test_grid_kf_validation" name="test_runtime_signature_contains_no_truth_or_mode_argument" time="0.001" /><testcase classname="tests.test_grid_params_validation" name="test_grid_params_reject_invalid_values[f0_hz-0.0-strictly positive]" time="0.001" /><testcase classname="tests.test_grid_params_validation" name="test_grid_params_reject_invalid_values[M_s--1.0-strictly positive]" time="0.001" /><testcase classname="tests.test_grid_params_validation" name="test_grid_params_reject_invalid_values[D_pu--0.1-non-negative]" time="0.001" /><testcase classname="tests.test_grid_params_validation" name="test_grid_params_reject_invalid_values[T_t_s-nan-finite]" time="0.001" /><testcase classname="tests.test_grid_params_validation" name="test_grid_params_reject_invalid_values[T_g_s-inf-finite]" time="0.001" /><testcase classname="tests.test_grid_params_validation" name="test_grid_params_reject_invalid_values[R_pu-0.0-strictly positive]" time="0.001" /><testcase classname="tests.test_grid_params_validation" name="test_grid_params_reject_invalid_values[integration_step_s-0.6-must not exceed]" time="0.001" /><testcase classname="tests.test_grid_params_validation" name="test_grid_params_reject_invalid_values[integration_step_s-0.03-integer multiple]" time="0.001" /><testcase classname="tests.test_grid_params_validation" name="test_grid_params_reject_boolean_and_text_values" time="0.001" /><testcase classname="tests.test_grid_params_validation" name="test_state_builder_uses_documented_order_and_rejects_wrong_shape" time="0.001" /><testcase classname="tests.test_hard_map_mpc" name="test_hard_map_projects_once_and_shares_single_estimator_update" time="0.129" /><testcase classname="tests.test_hard_map_mpc" name="test_no_ood_projection_bypasses_state_without_recalling_source" time="0.001" /><testcase classname="tests.test_hashing" name="test_sha256_known_vector_and_streamed_file" time="0.002" /><testcase classname="tests.test_hashing" name="test_json_hash_is_independent_of_mapping_order" time="0.000" /><testcase classname="tests.test_hashing" name="test_json_hash_supports_numpy_scalars_and_arrays" time="0.000" /><testcase classname="tests.test_hashing" name="test_directory_manifest_is_sorted_and_content_sensitive" time="0.007" /><testcase classname="tests.test_high_frequency_truth_trace" name="test_truth_trace_contains_every_rk4_and_off_grid_event_endpoint" time="0.006" /><testcase classname="tests.test_high_frequency_truth_trace" name="test_mode_interval_marks_left_integration_mode_and_right_continuous_end" time="0.006" /><testcase classname="tests.test_high_frequency_truth_trace" name="test_high_frequency_trace_supports_nonuniform_trapezoidal_integration" time="0.006" /><testcase classname="tests.test_high_frequency_truth_trace" name="test_trace_is_bitwise_reproducible_and_control_boundaries_are_duplicated" time="0.022" /><testcase classname="tests.test_high_frequency_truth_trace" name="test_truth_trace_remains_outside_measurement_and_controller_visible_api" time="0.005" /><testcase classname="tests.test_hungarian_evaluation_only" name="test_private_label_alignment_is_evaluation_only_and_permutation_invariant" time="0.004" /><testcase classname="tests.test_hungarian_evaluation_only" name="test_rectangular_alignment_penalizes_unmatched_components" time="0.004" /><testcase classname="tests.test_hungarian_evaluation_only" name="test_assignment_implementation_is_absent_from_identification_package" time="0.001" /><testcase classname="tests.test_hungarian_evaluation_only" name="test_strict_library_round_trip_is_joint_predictor_compatible" time="0.004" /><testcase classname="tests.test_hungarian_evaluation_only" name="test_library_owns_arrays_and_quantile_mapping_is_immutable" time="0.000" /><testcase classname="tests.test_hungarian_evaluation_only" name="test_library_schema_rejects_unknown_or_mapping_fields" time="0.001" /><testcase classname="tests.test_hungarian_evaluation_only" name="test_selection_metadata_conversion_preserves_complete_bic_audit" time="0.019" /><testcase classname="tests.test_hybrid_simulator" name="test_zero_state_and_zero_action_remain_at_equilibrium" time="0.004" /><testcase classname="tests.test_hybrid_simulator" name="test_load_step_reduces_frequency_and_ibr_command_is_coupled" time="0.007" /><testcase classname="tests.test_hybrid_simulator" name="test_reset_seed_reproduces_load_and_measurement_noise" time="0.009" /><testcase classname="tests.test_hybrid_simulator" name="test_mode_switch_inside_control_period_preserves_state_and_changes_truth" time="0.004" /><testcase classname="tests.test_hybrid_simulator" name="test_right_continuous_events_do_not_leak_through_rk4_endpoint" time="0.011" /><testcase classname="tests.test_hybrid_simulator" name="test_delayed_command_does_not_leak_into_pre_delay_rk4_interval" time="0.007" /><testcase classname="tests.test_ibr_deadband" name="test_deadband_matches_equation_11[0.0-0.0]" time="0.001" /><testcase classname="tests.test_ibr_deadband" name="test_deadband_matches_equation_11[0.005-0.0]" time="0.001" /><testcase classname="tests.test_ibr_deadband" name="test_deadband_matches_equation_11[-0.005-0.0]" time="0.001" /><testcase classname="tests.test_ibr_deadband" name="test_deadband_matches_equation_11[0.01-0.0]" time="0.001" /><testcase classname="tests.test_ibr_deadband" name="test_deadband_matches_equation_11[-0.01-0.0]" time="0.001" /><testcase classname="tests.test_ibr_deadband" name="test_deadband_matches_equation_11[0.03-0.02]" time="0.001" /><testcase classname="tests.test_ibr_deadband" name="test_deadband_matches_equation_11[-0.03--0.02]" time="0.001" /><testcase classname="tests.test_ibr_deadband" name="test_deadband_is_continuous_at_both_edges" time="0.001" /><testcase classname="tests.test_ibr_deadband" name="test_deadband_is_applied_before_command_gain" time="0.001" /><testcase classname="tests.test_ibr_deadband" name="test_deadband_rejects_invalid_inputs[nan-0.0-finite]" time="0.001" /><testcase classname="tests.test_ibr_deadband" name="test_deadband_rejects_invalid_inputs[0.0-inf-finite]" time="0.001" /><testcase classname="tests.test_ibr_deadband" name="test_deadband_rejects_invalid_inputs[0.0--0.1-non-negative]" time="0.001" /><testcase classname="tests.test_ibr_delay" name="test_command_history_uses_right_continuous_zero_order_hold" time="0.001" /><testcase classname="tests.test_ibr_delay" name="test_duplicate_latest_timestamp_is_replaced_deterministically" time="0.000" /><testcase classname="tests.test_ibr_delay" name="test_history_rejects_out_of_order_or_invalid_samples" time="0.001" /><testcase classname="tests.test_ibr_delay" name="test_fixed_delay_transition_times_are_reported_exactly" time="0.001" /><testcase classname="tests.test_ibr_delay" name="test_fixed_delay_resolution" time="0.000" /><testcase classname="tests.test_ibr_delay" name="test_sinusoidal_ood_delay_is_bounded_and_repeatable" time="0.001" /><testcase classname="tests.test_ibr_delay" name="test_yaml_delay_profile_mapping_is_normalized" time="0.001" /><testcase classname="tests.test_ibr_delay" name="test_time_varying_delay_drives_history_query_without_mutation" time="0.001" /><testcase classname="tests.test_ibr_delay" name="test_resolved_delay_must_be_finite_and_nonnegative" time="0.000" /><testcase classname="tests.test_ibr_ramp_limit" name="test_ramp_limiter_clips_up_and_down_independently" time="0.000" /><testcase classname="tests.test_ibr_ramp_limit" name="test_ramp_limiter_preserves_unconstrained_derivative_inside_limits" time="0.000" /><testcase classname="tests.test_ibr_ramp_limit" name="test_derivative_applies_asymmetric_mode_ramps" time="0.000" /><testcase classname="tests.test_ibr_ramp_limit" name="test_rk4_step_obeys_active_ramp_limits" time="0.001" /><testcase classname="tests.test_ibr_ramp_limit" name="test_ramp_limiter_rejects_invalid_limits" time="0.001" /><testcase classname="tests.test_ibr_saturation" name="test_asymmetric_saturation_matches_equation_14[-1.0--0.07]" time="0.001" /><testcase classname="tests.test_ibr_saturation" name="test_asymmetric_saturation_matches_equation_14[-0.07--0.07]" time="0.000" /><testcase classname="tests.test_ibr_saturation" name="test_asymmetric_saturation_matches_equation_14[-0.03--0.03]" time="0.001" /><testcase classname="tests.test_ibr_saturation" name="test_asymmetric_saturation_matches_equation_14[0.0-0.0]" time="0.000" /><testcase classname="tests.test_ibr_saturation" name="test_asymmetric_saturation_matches_equation_14[0.01-0.01]" time="0.000" /><testcase classname="tests.test_ibr_saturation" name="test_asymmetric_saturation_matches_equation_14[0.02-0.02]" time="0.000" /><testcase classname="tests.test_ibr_saturation" name="test_asymmetric_saturation_matches_equation_14[1.0-0.02]" time="0.000" /><testcase classname="tests.test_ibr_saturation" name="test_output_dynamics_uses_saturated_q_not_unsaturated_q" time="0.000" /><testcase classname="tests.test_ibr_saturation" name="test_zero_capacity_clamps_both_directions" time="0.000" /><testcase classname="tests.test_ibr_saturation" name="test_derating_changes_target_without_instantly_clipping_physical_power" time="0.000" /><testcase classname="tests.test_ibr_saturation" name="test_saturation_rejects_negative_capacity" time="0.000" /><testcase classname="tests.test_ibr_second_order" name="test_state_array_round_trip_is_ordered_q_then_power" time="0.000" /><testcase classname="tests.test_ibr_second_order" name="test_derivative_matches_equations_12_13_and_15" time="0.000" /><testcase classname="tests.test_ibr_second_order" name="test_rk4_recovers_unlimited_cascade_step_response" time="0.040" /><testcase classname="tests.test_ibr_second_order" name="test_nominal_and_sluggish_modes_have_distinguishable_transients" time="0.016" /><testcase classname="tests.test_ibr_second_order" name="test_mode_parameters_are_strictly_validated[command_filter_time_s-0.0-positive]" time="0.000" /><testcase classname="tests.test_ibr_second_order" name="test_mode_parameters_are_strictly_validated[power_response_time_s--1.0-positive]" time="0.000" /><testcase classname="tests.test_ibr_second_order" name="test_mode_parameters_are_strictly_validated[delay_s--0.1-non-negative]" time="0.000" /><testcase classname="tests.test_ibr_second_order" name="test_mode_parameters_are_strictly_validated[command_gain--1.0-non-negative]" time="0.000" /><testcase classname="tests.test_ibr_second_order" name="test_mode_parameters_are_strictly_validated[frequency_gain-inf-finite]" time="0.000" /><testcase classname="tests.test_ibr_second_order" name="test_state_and_step_reject_invalid_values" time="0.000" /><testcase classname="tests.test_ibr_second_order" name="test_mode_parameters_reject_bool_and_numeric_strings[True]" time="0.000" /><testcase classname="tests.test_ibr_second_order" name="test_mode_parameters_reject_bool_and_numeric_strings[1.0]" time="0.000" /><testcase classname="tests.test_identification_label_leakage" name="test_public_trajectory_object_and_table_have_only_whitelisted_fields" time="0.403" /><testcase classname="tests.test_identification_label_leakage" name="test_mode_names_and_seed_truth_exist_only_in_private_evaluation_metadata" time="0.394" /><testcase classname="tests.test_identification_label_leakage" name="test_public_loader_never_requires_the_private_truth_tree" time="0.411" /><testcase classname="tests.test_identification_label_leakage" name="test_public_manifest_has_no_truth_bearing_keys" time="0.398" /><testcase classname="tests.test_identification_manifest_integrity" name="test_valid_public_dataset_loads_without_private_tree" time="0.027" /><testcase classname="tests.test_identification_manifest_integrity" name="test_public_manifest_schema_and_version_are_strict[unknown_field]" time="0.015" /><testcase classname="tests.test_identification_manifest_integrity" name="test_public_manifest_schema_and_version_are_strict[missing_field]" time="0.016" /><testcase classname="tests.test_identification_manifest_integrity" name="test_public_manifest_schema_and_version_are_strict[version]" time="0.016" /><testcase classname="tests.test_identification_manifest_integrity" name="test_public_manifest_duplicate_json_key_is_rejected" time="0.016" /><testcase classname="tests.test_identification_manifest_integrity" name="test_split_manifest_file_hash_is_always_verified" time="0.017" /><testcase classname="tests.test_identification_manifest_integrity" name="test_split_manifest_rows_reject_unsafe_or_ambiguous_values[path_traversal-invalid trajectory_id]" time="0.018" /><testcase classname="tests.test_identification_manifest_integrity" name="test_split_manifest_rows_reject_unsafe_or_ambiguous_values[duplicate-duplicate trajectory_id]" time="0.020" /><testcase classname="tests.test_identification_manifest_integrity" name="test_split_manifest_rows_reject_unsafe_or_ambiguous_values[bad_split-invalid split]" time="0.019" /><testcase classname="tests.test_identification_manifest_integrity" name="test_split_manifest_rows_reject_unsafe_or_ambiguous_values[bad_sha-lowercase SHA-256]" time="0.018" /><testcase classname="tests.test_identification_manifest_integrity" name="test_split_manifest_unknown_column_is_rejected" time="0.018" /><testcase classname="tests.test_identification_manifest_integrity" name="test_trajectory_directory_must_exactly_match_manifest[missing]" time="0.018" /><testcase classname="tests.test_identification_manifest_integrity" name="test_trajectory_directory_must_exactly_match_manifest[extra]" time="0.019" /><testcase classname="tests.test_identification_manifest_integrity" name="test_logical_trajectory_and_dataset_hashes_are_verified" time="0.017" /><testcase classname="tests.test_identification_manifest_integrity" name="test_unselected_trajectory_hash_is_still_verified" time="0.019" /><testcase classname="tests.test_identification_manifest_integrity" name="test_parquet_unknown_column_is_rejected_even_without_hash_check" time="0.021" /><testcase classname="tests.test_identification_splits" name="test_required_40_trajectory_split_is_exact_and_family_balanced" time="0.001" /><testcase classname="tests.test_identification_splits" name="test_complete_excitation_pairs_never_cross_trajectory_splits" time="0.368" /><testcase classname="tests.test_identification_splits" name="test_generation_is_bitwise_deterministic_for_same_seed" time="0.735" /><testcase classname="tests.test_identification_splits" name="test_public_split_manifest_hashes_every_parquet_file" time="0.398" /><testcase classname="tests.test_information_boundary" name="test_true_mode_exists_only_in_separate_evaluation_record" time="0.003" /><testcase classname="tests.test_interfaces" name="test_controller_visible_types_contain_no_truth_field" time="0.000" /><testcase classname="tests.test_interfaces" name="test_measurement_and_action_validate_finite_values" time="0.000" /><testcase classname="tests.test_joint_predictor" name="test_joint_block_model_matches_separate_grid_and_arx_steps" time="0.002" /><testcase classname="tests.test_joint_predictor" name="test_joint_selection_matrices_match_frequency_and_integral_states" time="0.001" /><testcase classname="tests.test_joint_predictor" name="test_joint_model_validates_shapes_and_returns_defensive_matrices" time="0.001" /><testcase classname="tests.test_library_ablations" name="test_anonymous_component_ids_are_order_invariant_and_not_input_order" time="0.000" /><testcase classname="tests.test_library_ablations" name="test_fixed_k4_semantic_mapping_is_eval_only_training_majority_and_many_to_one" time="0.024" /><testcase classname="tests.test_library_ablations" name="test_validation_assignment_uses_frozen_training_centroids_with_stable_ties" time="0.000" /><testcase classname="tests.test_library_ablations" name="test_labeled_builder_rejects_nontraining_private_metadata_before_arx_fit" time="0.010" /><testcase classname="tests.test_library_ablations" name="test_identification_subset_hash_matches_binding_definition_and_is_expanded" time="0.006" /><testcase classname="tests.test_library_ablations" name="test_identification_subset_rejects_duplicate_hashes" time="0.000" /><testcase classname="tests.test_library_ablations" name="test_b1_selection_is_validation_only_truth_free_and_hash_bound" time="0.262" /><testcase classname="tests.test_library_ablations" name="test_b1_rejects_assignment_file_not_bound_by_label_free_manifest" time="0.012" /><testcase classname="tests.test_library_ablations" name="test_oracle_artifact_is_evaluation_only_and_uses_local_component_zero" time="0.004" /><testcase classname="tests.test_library_ablations" name="test_fixed_reference_save_and_full_builder_refuse_existing_content" time="0.003" /><testcase classname="tests.test_library_ablations" name="test_controller_runtime_does_not_import_evaluation_ablation_builder" time="0.001" /><testcase classname="tests.test_logging" name="test_jsonl_round_trip_supports_scientific_values" time="0.003" /><testcase classname="tests.test_logging" name="test_logger_preserves_context_and_records_exception" time="0.003" /><testcase classname="tests.test_logging" name="test_jsonl_rejects_nonfinite_values_and_nonobject_records" time="0.002" /><testcase classname="tests.test_lqi_fallback" name="test_dare_gain_matches_equation_75_and_is_schur_stable" time="0.003" /><testcase classname="tests.test_lqi_fallback" name="test_dare_excludes_uncontrollable_load_state" time="0.002" /><testcase classname="tests.test_lqi_fallback" name="test_equilibrium_translation_uses_disturbance_estimate" time="0.001" /><testcase classname="tests.test_lqi_fallback" name="test_mid_episode_fallback_reuses_external_estimate_without_reset" time="0.001" /><testcase classname="tests.test_lqi_fallback" name="test_sg_action_obeys_amplitude_and_rate_limits[-0.1-0.0-0.01]" time="0.002" /><testcase classname="tests.test_lqi_fallback" name="test_sg_action_obeys_amplitude_and_rate_limits[0.1-0.0--0.01]" time="0.002" /><testcase classname="tests.test_lqi_fallback" name="test_sg_action_obeys_amplitude_and_rate_limits[-0.1-0.119-0.12]" time="0.002" /><testcase classname="tests.test_lqi_fallback" name="test_sg_action_obeys_amplitude_and_rate_limits[0.1--0.119--0.12]" time="0.002" /><testcase classname="tests.test_lqi_fallback" name="test_lqi_fallback_recovers_frequency_with_ibr_unavailable" time="0.615" /><testcase classname="tests.test_lqi_fallback" name="test_lqi_config_rejects_invalid_values[r_sg-0.0-positive]" time="0.001" /><testcase classname="tests.test_lqi_fallback" name="test_lqi_config_rejects_invalid_values[u_sg_ramp_pu_per_s--0.1-non-negative]" time="0.000" /><testcase classname="tests.test_lqi_fallback" name="test_lqi_config_rejects_invalid_values[ibr_withdraw_rate_pu_per_s--0.1-non-negative]" time="0.001" /><testcase classname="tests.test_mode_belief_filter" name="test_sticky_transition_matches_equation_40_and_k1_is_safe" time="0.001" /><testcase classname="tests.test_mode_belief_filter" name="test_equation_41_uses_previous_rows_and_next_mode_columns" time="0.001" /><testcase classname="tests.test_mode_belief_filter" name="test_online_regressor_preserves_the_existing_arx_parameter_order" time="0.000" /><testcase classname="tests.test_mode_belief_filter" name="test_log_domain_update_matches_direct_domain_at_moderate_scale" time="0.001" /><testcase classname="tests.test_mode_belief_filter" name="test_equal_residuals_and_variances_preserve_the_predicted_belief" time="0.001" /><testcase classname="tests.test_mode_belief_filter" name="test_tiny_likelihoods_never_create_nan_or_an_all_zero_belief" time="0.001" /><testcase classname="tests.test_mode_belief_filter" name="test_variance_and_belief_floors_keep_update_well_defined" time="0.001" /><testcase classname="tests.test_mode_belief_filter" name="test_stateful_step_and_separate_predict_update_are_identical" time="0.001" /><testcase classname="tests.test_mode_belief_filter" name="test_single_component_filter_has_zero_normalized_entropy" time="0.001" /><testcase classname="tests.test_mode_belief_filter" name="test_runtime_api_contains_no_true_mode_argument" time="0.000" /><testcase classname="tests.test_mode_belief_filter" name="test_invalid_shapes_ranges_and_nonfinite_inputs_are_rejected[&lt;lambda&gt;-ValueError0]" time="0.000" /><testcase classname="tests.test_mode_belief_filter" name="test_invalid_shapes_ranges_and_nonfinite_inputs_are_rejected[&lt;lambda&gt;-ValueError1]" time="0.000" /><testcase classname="tests.test_mode_belief_filter" name="test_invalid_shapes_ranges_and_nonfinite_inputs_are_rejected[&lt;lambda&gt;-ValueError2]" time="0.000" /><testcase classname="tests.test_mode_belief_filter" name="test_invalid_shapes_ranges_and_nonfinite_inputs_are_rejected[&lt;lambda&gt;-ValueError3]" time="0.000" /><testcase classname="tests.test_mode_belief_filter" name="test_invalid_shapes_ranges_and_nonfinite_inputs_are_rejected[&lt;lambda&gt;-ValueError4]" time="0.000" /><testcase classname="tests.test_mode_belief_filter" name="test_update_requires_an_explicit_prior_prediction" time="0.001" /><testcase classname="tests.test_mode_belief_filter" name="test_result_arrays_and_filter_properties_are_defensive" time="0.001" /><testcase classname="tests.test_mode_capability_bounds" name="test_power_and_directional_rate_quantiles_match_equation_84" time="0.001" /><testcase classname="tests.test_mode_capability_bounds" name="test_rate_estimation_never_differences_across_trajectory_boundaries" time="0.001" /><testcase classname="tests.test_mode_capability_bounds" name="test_missing_direction_has_zero_observed_capability" time="0.000" /><testcase classname="tests.test_mode_capability_bounds" name="test_capability_bound_configuration_is_validated[kwargs0]" time="0.000" /><testcase classname="tests.test_mode_capability_bounds" name="test_capability_bound_configuration_is_validated[kwargs1]" time="0.000" /><testcase classname="tests.test_mode_capability_bounds" name="test_capability_bound_configuration_is_validated[kwargs2]" time="0.000" /><testcase classname="tests.test_mode_schedules" name="test_piecewise_constant_schedule_switches_at_exact_boundary" time="0.000" /><testcase classname="tests.test_mode_schedules" name="test_schedule_rejects_duplicate_or_unsorted_switches" time="0.000" /><testcase classname="tests.test_model_config_files" name="test_all_versioned_physical_model_configs_build" time="0.013" /><testcase classname="tests.test_mpc_constraints" name="test_mpc_uses_one_shared_sequence_and_satisfies_dynamics" time="0.079" /><testcase classname="tests.test_mpc_constraints" name="test_input_and_rate_constraints_hold_across_horizon" time="0.142" /><testcase classname="tests.test_mpc_constraints" name="test_linearization_has_expected_seven_state_two_input_shape" time="0.001" /><testcase classname="tests.test_mpc_constraints" name="test_new_lower_capacity_mode_uses_reachable_initial_power_envelope" time="0.069" /><testcase classname="tests.test_mpc_constraints" name="test_zero_capacity_unavailable_model_is_a_valid_fixed_power_constraint" time="0.040" /><testcase classname="tests.test_mpc_constraints" name="test_horizon_one_matches_independent_unconstrained_kkt_solution" time="0.021" /><testcase classname="tests.test_multistep_validation" name="test_open_loop_rollout_uses_predicted_power_and_future_exogenous_inputs" time="0.000" /><testcase classname="tests.test_multistep_validation" name="test_validation_does_not_teacher_force_future_observed_power" time="0.001" /><testcase classname="tests.test_multistep_validation" name="test_validation_rolls_all_valid_origins_and_computes_lead_metrics" time="0.001" /><testcase classname="tests.test_multistep_validation" name="test_noise_free_model_has_zero_multistep_error" time="0.003" /><testcase classname="tests.test_multistep_validation" name="test_validation_rejects_non_positive_horizon[0]" time="0.001" /><testcase classname="tests.test_multistep_validation" name="test_validation_rejects_non_positive_horizon[-1]" time="0.000" /><testcase classname="tests.test_multistep_validation" name="test_validation_rejects_horizon_longer_than_trajectory" time="0.000" /><testcase classname="tests.test_multistep_validation" name="test_rollout_rejects_misaligned_exogenous_sequences" time="0.000" /><testcase classname="tests.test_offline_mode_discovery_pipeline" name="test_label_free_pipeline_writes_complete_auditable_artifacts" time="0.491" /><testcase classname="tests.test_offline_mode_discovery_pipeline" name="test_selected_component_count_is_exactly_the_training_bic_minimum" time="0.002" /><testcase classname="tests.test_offline_mode_discovery_pipeline" name="test_validation_uses_frozen_training_scaler" time="0.000" /><testcase classname="tests.test_offline_mode_discovery_pipeline" name="test_training_entry_point_has_no_private_truth_parameter" time="0.000" /><testcase classname="tests.test_offline_mode_discovery_pipeline" name="test_identification_orchestrator_source_has_a_strict_information_boundary" time="0.001" /><testcase classname="tests.test_offline_mode_discovery_pipeline" name="test_cli_source_hash_manifest_matches_exact_repository_files" time="0.007" /><testcase classname="tests.test_offline_mode_discovery_pipeline" name="test_base_config_preserves_switch_epsilon_for_selected_k_transition" time="0.008" /><testcase classname="tests.test_offline_mode_discovery_pipeline" name="test_empty_validation_component_fails_explicitly" time="0.020" /><testcase classname="tests.test_offline_mode_discovery_pipeline" name="test_pipeline_persists_label_free_evidence_on_validation_failure" time="0.279" /><testcase classname="tests.test_offline_mode_discovery_pipeline" name="test_model_library_hash_is_invariant_to_private_label_mutation" time="0.140" /><testcase classname="tests.test_offline_mode_discovery_pipeline" name="test_grid_frequency_error_propagation_matches_explicit_recurrence" time="0.002" /><testcase classname="tests.test_online_diagnosis_scenarios" name="test_scheduled_evaluation_truth_is_separate_and_state_is_not_reset" time="0.024" /><testcase classname="tests.test_online_diagnosis_scenarios" name="test_time_varying_delay_trajectory_is_deterministic_for_a_seed" time="0.050" /><testcase classname="tests.test_online_diagnosis_scenarios" name="test_scheduled_simulator_rejects_mode_key_name_mismatch" time="0.000" /><testcase classname="tests.test_online_diagnostic" name="test_online_facade_warms_up_then_uses_already_applied_command" time="0.002" /><testcase classname="tests.test_online_diagnostic" name="test_runtime_log_and_signature_expose_no_simulator_metadata" time="0.001" /><testcase classname="tests.test_online_diagnostic" name="test_diagnostic_output_enforces_state_and_integer_invariants" time="0.001" /><testcase classname="tests.test_online_diagnostic" name="test_online_facade_rejects_nonincreasing_measurement_time" time="0.001" /><testcase classname="tests.test_online_diagnostic" name="test_online_facade_rejects_calibration_runtime_provenance_mismatch" time="0.001" /><testcase classname="tests.test_online_diagnostic_metrics" name="test_multiclass_probability_metrics_match_direct_definitions" time="0.002" /><testcase classname="tests.test_online_diagnostic_metrics" name="test_probability_metrics_support_named_nonconsecutive_classes" time="0.002" /><testcase classname="tests.test_online_diagnostic_metrics" name="test_nll_probability_floor_keeps_zero_truth_probability_finite" time="0.002" /><testcase classname="tests.test_online_diagnostic_metrics" name="test_hard_classification_reports_accuracy_and_macro_f1" time="0.002" /><testcase classname="tests.test_online_diagnostic_metrics" name="test_probability_metrics_reject_invalid_probability_arrays[probabilities0-sum to one]" time="0.001" /><testcase classname="tests.test_online_diagnostic_metrics" name="test_probability_metrics_reject_invalid_probability_arrays[probabilities1-lie in]" time="0.001" /><testcase classname="tests.test_online_diagnostic_metrics" name="test_probability_metrics_reject_invalid_probability_arrays[probabilities2-finite]" time="0.000" /><testcase classname="tests.test_online_diagnostic_metrics" name="test_probability_metrics_reject_invalid_probability_arrays[probabilities3-shape]" time="0.000" /><testcase classname="tests.test_online_diagnostic_metrics" name="test_probability_metrics_reject_unknown_truth_and_bad_options" time="0.001" /><testcase classname="tests.test_online_diagnostic_metrics" name="test_switch_detection_retains_detected_and_censored_events" time="0.000" /><testcase classname="tests.test_online_diagnostic_metrics" name="test_switch_detection_run_must_be_consecutive_and_end_before_next_switch" time="0.000" /><testcase classname="tests.test_online_diagnostic_metrics" name="test_episode_boundaries_are_not_mode_switches" time="0.000" /><testcase classname="tests.test_online_diagnostic_metrics" name="test_switch_event_times_use_actual_episode_local_timestamps" time="0.000" /><testcase classname="tests.test_online_diagnostic_metrics" name="test_switch_detection_rejects_invalid_or_discontiguous_inputs" time="0.001" /><testcase classname="tests.test_online_diagnostic_metrics" name="test_false_alarm_metrics_count_maximal_wrong_runs_and_rates" time="0.000" /><testcase classname="tests.test_online_diagnostic_metrics" name="test_wrong_run_equal_to_lfa_is_not_a_false_alarm" time="0.000" /><testcase classname="tests.test_online_diagnostic_metrics" name="test_false_alarm_evaluation_excludes_switched_episodes" time="0.000" /><testcase classname="tests.test_online_diagnostic_metrics" name="test_load_step_window_must_be_inside_one_eligible_episode" time="0.000" /><testcase classname="tests.test_online_diagnostic_metrics" name="test_false_alarm_inputs_are_validated" time="0.000" /><testcase classname="tests.test_online_diagnostic_metrics" name="test_ood_metrics_report_ranking_and_censored_detection_delays" time="0.003" /><testcase classname="tests.test_online_diagnostic_metrics" name="test_ood_metrics_accept_pvalues_with_lower_is_more_ood" time="0.003" /><testcase classname="tests.test_online_diagnostic_metrics" name="test_ood_episode_boundary_starts_a_new_interval" time="0.002" /><testcase classname="tests.test_online_diagnostic_metrics" name="test_ood_preexisting_alarm_requires_a_new_activation_after_onset" time="0.002" /><testcase classname="tests.test_online_diagnostic_metrics" name="test_ood_preexisting_alarm_without_new_edge_is_censored" time="0.002" /><testcase classname="tests.test_online_diagnostic_metrics" name="test_ood_metrics_reject_undefined_auc_and_invalid_vectors" time="0.001" /><testcase classname="tests.test_ood_detector" name="test_equations_48_and_49_use_minimum_standardized_residual_and_floor" time="0.000" /><testcase classname="tests.test_ood_detector" name="test_calibration_scores_apply_equation_48_row_wise" time="0.000" /><testcase classname="tests.test_ood_detector" name="test_equation_50_counts_ties_and_has_finite_sample_correction" time="0.000" /><testcase classname="tests.test_ood_detector" name="test_score_rejects_invalid_runtime_inputs[residuals0-variances0-finite]" time="0.001" /><testcase classname="tests.test_ood_detector" name="test_score_rejects_invalid_runtime_inputs[residuals1-variances1-finite]" time="0.000" /><testcase classname="tests.test_ood_detector" name="test_score_rejects_invalid_runtime_inputs[residuals2-variances2-non-negative]" time="0.000" /><testcase classname="tests.test_ood_detector" name="test_score_rejects_invalid_runtime_inputs[residuals3-variances3-equal shape]" time="0.001" /><testcase classname="tests.test_ood_detector" name="test_score_rejects_invalid_runtime_inputs[residuals4-variances4-non-empty]" time="0.000" /><testcase classname="tests.test_ood_detector" name="test_variance_floor_must_be_positive_and_finite[0.0]" time="0.000" /><testcase classname="tests.test_ood_detector" name="test_variance_floor_must_be_positive_and_finite[-1.0]" time="0.000" /><testcase classname="tests.test_ood_detector" name="test_variance_floor_must_be_positive_and_finite[inf]" time="0.000" /><testcase classname="tests.test_ood_detector" name="test_score_rejects_overflow_instead_of_emitting_infinity" time="0.000" /><testcase classname="tests.test_ood_detector" name="test_conformal_calibration_must_be_nonempty_finite_nonnegative[scores0]" time="0.000" /><testcase classname="tests.test_ood_detector" name="test_conformal_calibration_must_be_nonempty_finite_nonnegative[scores1]" time="0.000" /><testcase classname="tests.test_ood_detector" name="test_conformal_calibration_must_be_nonempty_finite_nonnegative[scores2]" time="0.000" /><testcase classname="tests.test_ood_detector" name="test_conformal_calibration_must_be_nonempty_finite_nonnegative[scores3]" time="0.000" /><testcase classname="tests.test_ood_detector" name="test_calibration_artifact_round_trips_through_json" time="0.000" /><testcase classname="tests.test_ood_detector" name="test_calibration_artifact_rejects_bad_data_or_provenance[dataset_sha256-AAAAAAAAAAAAAAAAAAAAAAAAAAAAAAAAAAAAAAAAAAAAAAAAAAAAAAAAAAAAAAAA-lowercase SHA-256]" time="0.001" /><testcase classname="tests.test_ood_detector" name="test_calibration_artifact_rejects_bad_data_or_provenance[split_manifest_sha256-000000000000000000000000000000000000000000000000000000000000000-lowercase SHA-256]" time="0.001" /><testcase classname="tests.test_ood_detector" name="test_calibration_artifact_rejects_bad_data_or_provenance[mode_library_sha256-not-a-hash-lowercase SHA-256]" time="0.001" /><testcase classname="tests.test_ood_detector" name="test_calibration_artifact_rejects_bad_data_or_provenance[mode_library_logical_sha256-bad-lowercase SHA-256]" time="0.001" /><testcase classname="tests.test_ood_detector" name="test_calibration_artifact_rejects_bad_data_or_provenance[source_trajectory_sha256-value4-duplicates]" time="0.001" /><testcase classname="tests.test_ood_detector" name="test_calibration_artifact_rejects_bad_data_or_provenance[source_split-test-forbidden]" time="0.001" /><testcase classname="tests.test_ood_detector" name="test_calibration_artifact_rejects_bad_data_or_provenance[source_split-ood-forbidden]" time="0.001" /><testcase classname="tests.test_ood_detector" name="test_calibration_artifact_rejects_bad_data_or_provenance[source_population-includes_ood-known modes only]" time="0.001" /><testcase classname="tests.test_ood_detector" name="test_calibration_artifact_rejects_bad_data_or_provenance[calibration_scores-value8-non-empty]" time="0.001" /><testcase classname="tests.test_ood_detector" name="test_calibration_artifact_rejects_bad_data_or_provenance[calibration_scores-value9-finite]" time="0.001" /><testcase classname="tests.test_ood_detector" name="test_calibration_artifact_rejects_bad_data_or_provenance[covered_component_ids-value10-every and only]" time="0.001" /><testcase classname="tests.test_ood_detector" name="test_calibration_artifact_rejects_bad_data_or_provenance[measurement_noise_variance_pu2--1.0-non-negative]" time="0.001" /><testcase classname="tests.test_ood_detector" name="test_calibration_artifact_rejects_bad_data_or_provenance[variance_floor_pu2-0.0-strictly positive]" time="0.001" /><testcase classname="tests.test_ood_detector" name="test_calibration_artifact_rejects_bad_data_or_provenance[score_definition-different_score-score_definition]" time="0.001" /><testcase classname="tests.test_ood_detector" name="test_calibration_artifact_strict_schema_rejects_extra_and_missing_keys" time="0.001" /><testcase classname="tests.test_ood_detector" name="test_calibration_hashes_must_be_disjoint_from_test_and_ood" time="0.000" /><testcase classname="tests.test_ood_detector" name="test_detector_configuration_is_strict[kwargs0]" time="0.000" /><testcase classname="tests.test_ood_detector" name="test_detector_configuration_is_strict[kwargs1]" time="0.000" /><testcase classname="tests.test_ood_detector" name="test_detector_configuration_is_strict[kwargs2]" time="0.000" /><testcase classname="tests.test_ood_detector" name="test_detector_configuration_is_strict[kwargs3]" time="0.000" /><testcase classname="tests.test_ood_detector" name="test_detector_configuration_is_strict[kwargs4]" time="0.000" /><testcase classname="tests.test_ood_detector" name="test_detector_configuration_is_strict[kwargs5]" time="0.000" /><testcase classname="tests.test_ood_detector" name="test_default_configuration_matches_phase4_specification" time="0.000" /><testcase classname="tests.test_ood_detector" name="test_known_to_suspect_to_active_has_literal_step_semantics" time="0.000" /><testcase classname="tests.test_ood_detector" name="test_known_low_counter_resets_and_threshold_comparison_is_strict" time="0.000" /><testcase classname="tests.test_ood_detector" name="test_suspect_hysteresis_band_holds_and_high_value_recovers" time="0.000" /><testcase classname="tests.test_ood_detector" name="test_active_to_recovery_to_known_has_literal_step_semantics" time="0.000" /><testcase classname="tests.test_ood_detector" name="test_active_high_counter_resets_on_threshold_or_band_value" time="0.000" /><testcase classname="tests.test_ood_detector" name="test_recovery_reabnormal_returns_immediately_to_active" time="0.000" /><testcase classname="tests.test_ood_detector" name="test_state_machine_rejects_nonfinite_or_out_of_range_pvalues" time="0.000" /><testcase classname="tests.test_ood_detector" name="test_end_to_end_detector_uses_only_runtime_residuals_and_variances" time="0.001" /><testcase classname="tests.test_ood_detector" name="test_detector_reset_clears_state_and_step_index" time="0.001" /><testcase classname="tests.test_ood_detector" name="test_detector_requires_one_runtime_entry_per_calibrated_component" time="0.000" /><testcase classname="tests.test_oracle_isolation" name="test_oracle_is_evaluation_only_supervised_arx_not_normal_api" time="0.005" /><testcase classname="tests.test_oracle_isolation" name="test_oracle_switches_parameterized_arx_and_unseen_mode_immediately_falls_back" time="0.057" /><testcase classname="tests.test_oracle_isolation" name="test_controller_packages_do_not_import_evaluation_or_accept_evaluator_key" time="0.001" /><testcase classname="tests.test_package_import" name="test_package_import" time="0.000" /><testcase classname="tests.test_phase4_config" name="test_phase4_thresholds_search_and_sensitivity_are_explicit" time="0.007" /><testcase classname="tests.test_phase4_pipeline" name="test_phase4_settings_are_resolved_from_base_config" time="0.007" /><testcase classname="tests.test_phase4_pipeline" name="test_reproducibility_provenance_captures_git_environment_seeds_and_sources" time="0.085" /><testcase classname="tests.test_phase4_pipeline" name="test_all_component_residuals_use_the_documented_online_indexing" time="0.001" /><testcase classname="tests.test_phase4_pipeline" name="test_calibration_artifact_covers_all_components_and_preserves_trajectories" time="0.002" /><testcase classname="tests.test_phase4_pipeline" name="test_hysteresis_selection_is_trajectory_level_and_known_only" time="0.002" /><testcase classname="tests.test_phase4_pipeline" name="test_many_to_one_mapping_uses_train_majority_and_aggregates_k_to_four" time="0.005" /><testcase classname="tests.test_phase4_pipeline" name="test_phase4_system_scenario_matrix_covers_all_six_required_cases" time="0.000" /><testcase classname="tests.test_phase4_pipeline" name="test_all_six_system_scenarios_generate_truth_separated_public_trajectories" time="0.048" /><testcase classname="tests.test_phase5_validation" name="test_phase5_settings_resolve_the_frozen_native_problem" time="0.010" /><testcase classname="tests.test_phase5_validation" name="test_phase5_settings_reject_a_noncanonical_horizon" time="0.009" /><testcase classname="tests.test_phase5_validation" name="test_state_machine_png_is_reproducible_from_machine_readable_source" time="0.433" /><testcase classname="tests.test_phase5_validation" name="test_runtime_truth_guard_allows_belief_but_rejects_private_truth" time="0.001" /><testcase classname="tests.test_phase5_validation" name="test_phase5_artifact_manifest_covers_all_nonmanifest_files_and_tampering" time="0.012" /><testcase classname="tests.test_phase6_analysis" name="test_analysis_retains_failures_pairs_oracle_by_scenario_and_filters_outputs" time="2.595" /><testcase classname="tests.test_phase6_analysis" name="test_input_validation_rejects_duplicate_triples_and_a_dropped_failure_row" time="0.040" /><testcase classname="tests.test_phase6_analysis" name="test_frozen_final_coverage_requires_all_8280_method_scenario_seed_rows" time="0.117" /><testcase classname="tests.test_phase6_analysis" name="test_pair_audit_never_crosses_scenarios_and_reports_missing_partner" time="2.301" /><testcase classname="tests.test_phase6_analysis" name="test_catastrophic_mcnemar_is_exact_and_holm_is_applied_by_family" time="1.417" /><testcase classname="tests.test_phase6_analysis" name="test_oracle_standard_diagnostics_are_rejected_and_csv_schemas_are_exact" time="2.569" /><testcase classname="tests.test_phase6_analysis" name="test_pre_controller_failure_is_retained_but_excluded_from_solver_claims" time="2.784" /><testcase classname="tests.test_phase6_canonical_journal" name="test_replay_truth_dedup_preserves_right_continuous_switch_boundary" time="0.000" /><testcase classname="tests.test_phase6_canonical_journal" name="test_forced_replay_preserves_real_floating_drift_mode_boundary" time="0.246" /><testcase classname="tests.test_phase6_canonical_journal" name="test_forced_replay_uses_only_canonical_actions_and_verifies_every_endpoint" time="0.094" /><testcase classname="tests.test_phase6_canonical_journal" name="test_missing_or_tampered_journal_is_rejected[missing]" time="0.016" /><testcase classname="tests.test_phase6_canonical_journal" name="test_missing_or_tampered_journal_is_rejected[tampered]" time="0.015" /><testcase classname="tests.test_phase6_canonical_journal" name="test_forced_replay_fails_closed_when_recomputed_science_changes" time="0.020" /><testcase classname="tests.test_phase6_canonical_journal" name="test_production_replay_provider_never_builds_a_controller_or_solver" time="0.087" /><testcase classname="tests.test_phase6_canonical_journal" name="test_journal_publication_failure_leaves_no_canonical_envelope_or_temp_file" time="0.012" /><testcase classname="tests.test_phase6_canonical_journal" name="test_windows_deep_output_root_fails_before_partial_journal_publication" time="0.003" /><testcase classname="tests.test_phase6_experiments" name="test_frozen_run_plans_have_exact_counts_seed_rules_and_stable_ids" time="0.547" /><testcase classname="tests.test_phase6_experiments" name="test_subsets_are_smoke_only_and_final_tier_is_not_downgradable" time="0.697" /><testcase classname="tests.test_phase6_experiments" name="test_tuning_and_final_worker_count_is_frozen_because_timeout_is_wall_time" time="0.000" /><testcase classname="tests.test_phase6_experiments" name="test_method_routes_choose_only_native_k6_k4_or_labeled_factory" time="0.000" /><testcase classname="tests.test_phase6_experiments" name="test_eval_only_component_mappings_and_diagnostic_qualifications" time="0.959" /><testcase classname="tests.test_phase6_experiments" name="test_metadata_evaluator_persists_compact_actual_solver_audit" time="0.001" /><testcase classname="tests.test_phase6_experiments" name="test_metric_config_is_the_frozen_base_contract" time="0.008" /><testcase classname="tests.test_phase6_experiments" name="test_simulator_private_loader_combines_known_and_held_out_truth_only" time="0.047" /><testcase classname="tests.test_phase6_experiments" name="test_b1_selection_matches_experiments_logical_and_validation_hashes" time="0.075" /><testcase classname="tests.test_phase6_experiments" name="test_final_lock_precedes_first_run_and_refuses_changed_resume" time="0.010" /><testcase classname="tests.test_phase6_experiments" name="test_worker_setup_exception_writes_attempt_receipt_without_consuming_run_id" time="0.210" /><testcase classname="tests.test_phase6_experiments" name="test_failed_attempt_remains_auditable_after_retry_completes_exact_plan" time="0.203" /><testcase classname="tests.test_phase6_experiments" name="test_aggregate_csvs_are_rebuilt_only_from_verified_per_run_store" time="0.325" /><testcase classname="tests.test_phase6_experiments" name="test_phase6_rejects_stale_envelope_at_every_resume_boundary" time="0.186" /><testcase classname="tests.test_phase6_experiments" name="test_tuning_candidate_hash_changes_with_phase6_code" time="0.028" /><testcase classname="tests.test_phase6_experiments" name="test_cli_help_exposes_required_config_and_stage_interfaces" time="3.068" /><testcase classname="tests.test_phase6_experiments" name="test_tuning_selection_uses_exactly_210_p_rows_and_no_final_feedback" time="0.253" /><testcase classname="tests.test_phase6_library_binding_finalization" name="test_finalizer_writes_three_strict_bindings_and_protocol_lock" time="0.061" /><testcase classname="tests.test_phase6_library_binding_finalization" name="test_finalizer_rejects_crosswired_calibration_and_unordered_components" time="0.054" /><testcase classname="tests.test_phase6_library_binding_finalization" name="test_finalizer_locks_k4_hysteresis_selection_and_rejects_label_access" time="0.047" /><testcase classname="tests.test_phase6_library_binding_finalization" name="test_finalizer_refuses_nonempty_output_without_overwriting" time="0.020" /><testcase classname="tests.test_phase6_trajectory_export" name="test_representative_and_worst_selection_are_frozen_and_stable" time="0.023" /><testcase classname="tests.test_phase6_trajectory_export" name="test_replay_consistency_excludes_only_declared_timing_fields" time="0.001" /><testcase classname="tests.test_phase6_trajectory_export" name="test_production_staging_is_short_and_on_the_publication_filesystem" time="0.004" /><testcase classname="tests.test_phase6_trajectory_export" name="test_dependency_injected_export_writes_authenticated_zstd_bundle_once" time="0.085" /><testcase classname="tests.test_phase6_trajectory_export" name="test_export_refuses_scientific_mismatch_without_manifest" time="0.019" /><testcase classname="tests.test_phase7_review_package" name="test_private_key_scan_accepts_the_support_source_it_packages" time="0.018" /><testcase classname="tests.test_phase7_review_package" name="test_private_key_scan_still_rejects_pem_material" time="0.004" /><testcase classname="tests.test_phase7_review_package" name="test_figure_builder_emits_all_required_classes_and_audits_missing_data" time="1.364" /><testcase classname="tests.test_phase7_review_package" name="test_review_zip_structure_hashes_index_exclusions_size_and_determinism" time="2.630" /><testcase classname="tests.test_phase7_review_package" name="test_review_builder_rejects_missing_required_result_and_oversize_gate" time="2.026" /><testcase classname="tests.test_phase7_review_package" name="test_real_exporter_to_figures_to_package_relocates_and_reauthenticates_sources" time="4.616" /><testcase classname="tests.test_phase7_review_package" name="test_review_builder_rejects_tampered_figure_source_and_missing_reference_doc" time="1.374" /><testcase classname="tests.test_phase7_review_package" name="test_figure_builder_rejects_authenticated_trace_identity_mismatch" time="1.454" /><testcase classname="tests.test_phase7_review_package" name="test_production_audit_rejects_non_8280_fixture_and_boolean_rates_are_observed" time="1.361" /><testcase classname="tests.test_power_balance_signs" name="test_load_increase_drives_frequency_down" time="0.001" /><testcase classname="tests.test_power_balance_signs" name="test_generation_and_ibr_power_drive_frequency_up" time="0.000" /><testcase classname="tests.test_power_balance_signs" name="test_primary_droop_opposes_frequency_deviation" time="0.000" /><testcase classname="tests.test_power_balance_signs" name="test_load_random_walk_channel_changes_only_load_state" time="0.000" /><testcase classname="tests.test_repository_hygiene" name="test_production_files_have_no_local_absolute_paths" time="0.080" /><testcase classname="tests.test_repository_hygiene" name="test_source_does_not_reference_unrelated_reproduction_package" time="0.015" /><testcase classname="tests.test_repository_hygiene" name="test_truth_configs_are_marked_simulator_and_evaluation_only" time="0.037" /><testcase classname="tests.test_repository_hygiene" name="test_controller_source_does_not_import_truth_config_names" time="0.001" /><testcase classname="tests.test_repository_hygiene" name="test_controller_runtime_tree_has_no_truth_label_or_evaluation_dependency" time="0.003" /><testcase classname="tests.test_repository_hygiene" name="test_production_source_uses_no_numpy_global_random_draws" time="0.029" /><testcase classname="tests.test_results_schema" name="test_success_and_failed_episode_rows_have_one_stable_json_safe_schema" time="0.005" /><testcase classname="tests.test_results_schema" name="test_schema_rejects_ambiguous_status_nonfinite_metrics_and_dropped_failure_metadata" time="0.001" /><testcase classname="tests.test_results_schema" name="test_from_metrics_filters_event_payload_but_keeps_catastrophic_subflags" time="0.000" /><testcase classname="tests.test_results_schema" name="test_dataframe_validation_detects_duplicate_episode_identity_and_column_reordering" time="0.005" /><testcase classname="tests.test_rk4_convergence" name="test_rk4_has_fourth_order_convergence" time="0.001" /><testcase classname="tests.test_rk4_convergence" name="test_rk4_is_pure_and_validates_derivative_shape" time="0.000" /><testcase classname="tests.test_rk4_convergence" name="test_integrate_rk4_uses_a_short_final_step" time="0.000" /><testcase classname="tests.test_rls_adaptive_mpc" name="test_rls_defaults_are_prescribed_and_projection_is_stable" time="0.001" /><testcase classname="tests.test_rls_adaptive_mpc" name="test_rls_equations_update_once_and_keep_same_precompiled_graph" time="0.097" /><testcase classname="tests.test_rls_adaptive_mpc" name="test_rls_rejects_changed_signals_at_reused_timestamp" time="0.070" /><testcase classname="tests.test_safe_identification_data" name="test_all_excitation_families_satisfy_command_rate_and_frequency_audits[prbs]" time="0.001" /><testcase classname="tests.test_safe_identification_data" name="test_all_excitation_families_satisfy_command_rate_and_frequency_audits[band_limited]" time="0.001" /><testcase classname="tests.test_safe_identification_data" name="test_all_excitation_families_satisfy_command_rate_and_frequency_audits[multisine]" time="0.001" /><testcase classname="tests.test_safe_identification_data" name="test_all_excitation_families_satisfy_command_rate_and_frequency_audits[steps]" time="0.001" /><testcase classname="tests.test_safe_identification_data" name="test_unsafe_manual_excitation_is_detected" time="0.000" /><testcase classname="tests.test_safe_identification_data" name="test_every_mode_receives_the_exact_same_paired_exogenous_signals" time="1.283" /><testcase classname="tests.test_safe_identification_data" name="test_delayed_zoh_transition_is_not_applied_before_its_physical_time" time="0.020" /><testcase classname="tests.test_sd_bmpc" name="test_one_diagnostic_and_kalman_update_per_distinct_timestamp" time="0.003" /><testcase classname="tests.test_sd_bmpc" name="test_joint_state_uses_current_and_previous_visible_history" time="0.003" /><testcase classname="tests.test_sd_bmpc" name="test_suspect_selects_robust_mpc_and_all_components" time="0.002" /><testcase classname="tests.test_sd_bmpc" name="test_every_nonexact_solver_outcome_executes_fresh_lqi_fallback[inaccurate]" time="0.002" /><testcase classname="tests.test_sd_bmpc" name="test_every_nonexact_solver_outcome_executes_fresh_lqi_fallback[timeout]" time="0.002" /><testcase classname="tests.test_sd_bmpc" name="test_every_nonexact_solver_outcome_executes_fresh_lqi_fallback[nonfinite]" time="0.002" /><testcase classname="tests.test_sd_bmpc" name="test_every_nonexact_solver_outcome_executes_fresh_lqi_fallback[infeasible]" time="0.002" /><testcase classname="tests.test_sd_bmpc" name="test_solver_deadline_side_controls_mpc_execution_or_fresh_fallback[0.0-0.1-success-NORMAL_BELIEF_MPC]" time="0.003" /><testcase classname="tests.test_sd_bmpc" name="test_solver_deadline_side_controls_mpc_execution_or_fresh_fallback[0.02-0.005-timeout-FALLBACK]" time="0.023" /><testcase classname="tests.test_sd_bmpc" name="test_optimal_solution_is_rejected_for_slack_or_constraint_violation[kwargs0-frequency_slack]" time="0.002" /><testcase classname="tests.test_sd_bmpc" name="test_optimal_solution_is_rejected_for_slack_or_constraint_violation[kwargs1-rocof_slack]" time="0.002" /><testcase classname="tests.test_sd_bmpc" name="test_optimal_solution_is_rejected_for_slack_or_constraint_violation[kwargs2-power_slack]" time="0.002" /><testcase classname="tests.test_sd_bmpc" name="test_optimal_solution_is_rejected_for_slack_or_constraint_violation[kwargs3-solution_constraint_violation]" time="0.002" /><testcase classname="tests.test_sd_bmpc" name="test_ood_recovery_hold_blend_and_recurrence_reset_are_exact" time="0.003" /><testcase classname="tests.test_sd_bmpc" name="test_runtime_records_and_fallback_events_are_deeply_immutable" time="0.002" /><testcase classname="tests.test_sd_bmpc" name="test_reset_precompiles_one_all_component_template_outside_act" time="0.011" /><testcase classname="tests.test_sd_bmpc" name="test_changed_signals_at_an_already_executed_timestamp_are_rejected" time="0.002" /><testcase classname="tests.test_sd_bmpc" name="test_changed_signals_at_reset_timestamp_are_rejected_before_first_action" time="0.002" /><testcase classname="tests.test_sd_bmpc" name="test_failed_solve_clears_a_previously_bound_warm_start" time="0.002" /><testcase classname="tests.test_sd_bmpc" name="test_project_factory_builds_from_frozen_k6_artifacts_and_binds_hashes" time="0.034" /><testcase classname="tests.test_sd_bmpc" name="test_project_factory_rejects_each_model_library_hash_mismatch[mode_library_sha256-file SHA-256 mismatch]" time="0.019" /><testcase classname="tests.test_sd_bmpc" name="test_project_factory_rejects_each_model_library_hash_mismatch[mode_library_logical_sha256-logical SHA-256 mismatch]" time="0.020" /><testcase classname="tests.test_sd_bmpc" name="test_controller_package_exports_sd_bmpc_runtime_surface" time="0.000" /><testcase classname="tests.test_sd_bmpc" name="test_controller_module_has_no_evaluation_dependency" time="0.001" /><testcase classname="tests.test_sd_bmpc_constraints" name="test_q95_uses_future_leads_and_physical_units_without_double_conversion" time="0.133" /><testcase classname="tests.test_sd_bmpc_constraints" name="test_shared_command_input_and_rate_constraints_hold_for_every_stage" time="0.139" /><testcase classname="tests.test_sd_bmpc_constraints" name="test_power_and_rate_constraints_share_one_nonnegative_slack_vector" time="0.032" /><testcase classname="tests.test_sd_bmpc_constraints" name="test_zero_risk_mask_exactly_disables_then_reactivates_mode_constraints" time="0.051" /><testcase classname="tests.test_sd_bmpc_problem" name="test_problem_is_dcp_qcqp_with_one_shared_input_and_all_mode_states" time="0.150" /><testcase classname="tests.test_sd_bmpc_problem" name="test_credible_set_has_minimal_mass_and_component_id_stable_ties" time="0.000" /><testcase classname="tests.test_sd_bmpc_problem" name="test_high_entropy_suspect_or_numerical_issue_selects_all_modes[0.7-False-False]" time="0.026" /><testcase classname="tests.test_sd_bmpc_problem" name="test_high_entropy_suspect_or_numerical_issue_selects_all_modes[0.1-True-False]" time="0.025" /><testcase classname="tests.test_sd_bmpc_problem" name="test_high_entropy_suspect_or_numerical_issue_selects_all_modes[0.1-False-True]" time="0.025" /><testcase classname="tests.test_sd_bmpc_problem" name="test_normal_low_entropy_uses_minimal_credible_set" time="0.025" /><testcase classname="tests.test_sd_bmpc_problem" name="test_canonical_factory_preserves_native_k6_joint_arx_library" time="0.005" /><testcase classname="tests.test_sd_bmpc_problem" name="test_missing_future_q95_lead_is_rejected_unless_tightening_is_disabled" time="0.011" /><testcase classname="tests.test_sd_bmpc_problem" name="test_initial_affine_constant_and_warm_start_are_strictly_validated" time="0.011" /><testcase classname="tests.test_sd_bmpc_problem" name="test_dpp_cache_reuses_one_template_across_exact_risk_mask_changes" time="0.026" /><testcase classname="tests.test_sd_bmpc_problem" name="test_precompile_api_canonicalizes_without_creating_an_action" time="0.126" /><testcase classname="tests.test_sd_bmpc_problem" name="test_native_k6_n20_production_solver_regression_for_degenerate_beliefs" time="1.921" /><testcase classname="tests.test_sd_bmpc_reference_solution" name="test_horizon_one_matches_direct_multimode_expected_cost_solution" time="0.048" /><testcase classname="tests.test_sd_bmpc_reference_solution" name="test_masked_worst_cost_is_exact_with_zero_and_near_zero_beliefs" time="0.053" /><testcase classname="tests.test_sd_bmpc_reference_solution" name="test_lambda_zero_has_exact_expected_cost_without_expected_cost_epigraphs" time="0.048" /><testcase classname="tests.test_seeds" name="test_named_generators_are_reproducible_and_order_independent" time="0.001" /><testcase classname="tests.test_seeds" name="test_make_rng_does_not_modify_numpy_global_state" time="0.000" /><testcase classname="tests.test_seeds" name="test_spawn_rngs_is_reproducible" time="0.001" /><testcase classname="tests.test_seeds" name="test_invalid_seeds_are_rejected[-1]" time="0.000" /><testcase classname="tests.test_seeds" name="test_invalid_seeds_are_rejected[1.5]" time="0.000" /><testcase classname="tests.test_seeds" name="test_invalid_seeds_are_rejected[True]" time="0.000" /><testcase classname="tests.test_solver_utils" name="test_shift_warm_start_sequence_left_shifts_and_repeats_terminal" time="0.000" /><testcase classname="tests.test_solver_utils" name="test_shift_warm_start_sequence_validates_shared_input_shape_and_finiteness" time="0.000" /><testcase classname="tests.test_solver_utils" name="test_real_convex_problem_records_availability_stats_and_total_wall_time" time="0.004" /><testcase classname="tests.test_solver_utils" name="test_optimal_inaccurate_is_failure_and_falls_through_to_next_solver" time="0.002" /><testcase classname="tests.test_solver_utils" name="test_nonoptimal_statuses_never_return_warm_or_solver_values[optimal_inaccurate-inaccurate]" time="0.001" /><testcase classname="tests.test_solver_utils" name="test_nonoptimal_statuses_never_return_warm_or_solver_values[infeasible-infeasible]" time="0.001" /><testcase classname="tests.test_solver_utils" name="test_nonoptimal_statuses_never_return_warm_or_solver_values[infeasible_inaccurate-infeasible]" time="0.001" /><testcase classname="tests.test_solver_utils" name="test_nonoptimal_statuses_never_return_warm_or_solver_values[unbounded-unbounded]" time="0.001" /><testcase classname="tests.test_solver_utils" name="test_nonoptimal_statuses_never_return_warm_or_solver_values[user_limit-timeout]" time="0.001" /><testcase classname="tests.test_solver_utils" name="test_solver_exception_is_classified_and_clears_stale_values" time="0.001" /><testcase classname="tests.test_solver_utils" name="test_exact_optimal_with_any_nan_is_nonfinite_failure[objective]" time="0.001" /><testcase classname="tests.test_solver_utils" name="test_exact_optimal_with_any_nan_is_nonfinite_failure[return]" time="0.001" /><testcase classname="tests.test_solver_utils" name="test_exact_optimal_with_any_nan_is_nonfinite_failure[solution]" time="0.001" /><testcase classname="tests.test_solver_utils" name="test_timeout_is_total_wall_budget_and_rejects_late_optimum" time="0.011" /><testcase classname="tests.test_solver_utils" name="test_timeout_budget_includes_pre_solver_orchestration" time="0.012" /><testcase classname="tests.test_solver_utils" name="test_no_available_solver_is_auditable_failure" time="0.000" /><testcase classname="tests.test_solver_utils" name="test_user_options_are_not_mutated_and_timeout_uses_tighter_limit" time="0.001" /><testcase classname="tests.test_solver_utils" name="test_invalid_warm_start_is_rejected_before_solve" time="0.017" /><testcase classname="tests.test_solver_utils" name="test_duplicate_priority_and_nonpositive_timeout_are_rejected" time="0.000" /><testcase classname="tests.test_statistics" name="test_group_summary_keeps_failed_missing_and_censored_episode_counts" time="0.008" /><testcase classname="tests.test_statistics" name="test_summary_rejects_numeric_delay_on_a_censored_episode_and_duplicate_episode_rows" time="0.002" /><testcase classname="tests.test_statistics" name="test_seed_paired_comparison_reports_unmatched_missing_and_reproducible_ci" time="0.031" /><testcase classname="tests.test_statistics" name="test_oracle_regret_is_attached_only_after_scenario_seed_pairing" time="0.007" /><testcase classname="tests.test_statistics" name="test_bootstrap_and_sign_flip_use_explicit_local_rng_and_exact_small_test" time="0.001" /><testcase classname="tests.test_statistics" name="test_exact_mcnemar_retains_missing_pairs_and_holm_is_stable" time="0.002" /><testcase classname="tests.test_zoh_discretization" name="test_augmented_exponential_matches_scipy_cont2discrete" time="0.001" /><testcase classname="tests.test_zoh_discretization" name="test_discrete_matrices_propagate_a_constant_equilibrium_exactly" time="0.001" /><testcase classname="tests.test_zoh_discretization" name="test_exact_zoh_supports_multiple_input_widths" time="0.001" /><testcase classname="tests.test_zoh_discretization" name="test_exact_zoh_rejects_invalid_dimensions_or_values[A_c0-inputs0-0.1-square]" time="0.001" /><testcase classname="tests.test_zoh_discretization" name="test_exact_zoh_rejects_invalid_dimensions_or_values[A_c1-inputs1-0.1-2 rows]" time="0.001" /><testcase classname="tests.test_zoh_discretization" name="test_exact_zoh_rejects_invalid_dimensions_or_values[A_c2-inputs2-0.0-strictly positive]" time="0.001" /><testcase classname="tests.test_zoh_discretization" name="test_exact_zoh_rejects_invalid_dimensions_or_values[A_c3-inputs3-0.1-finite]" time="0.001" /></testsuite></testsuites>