<?xml version="1.0" encoding="utf-8"?><testsuites name="pytest tests"><testsuite name="pytest" errors="0" failures="0" skipped="0" tests="17" time="2.081" timestamp="2026-07-30T04:14:01.898219+08:00" hostname="PC-202607271509"><testcase classname="tests_phase_b1.test_exact_oracle_isolation" name="test_b5_is_not_an_ordinary_frequency_controller" time="0.014" /><testcase classname="tests_phase_b1.test_exact_oracle_isolation" name="test_controller_and_estimation_packages_do_not_import_b5_truth_context" time="0.002" /><testcase classname="tests_phase_b1.test_exact_oracle_isolation" name="test_ordinary_runtime_controller_operates_with_truth_free_measurement_only" time="0.003" /><testcase classname="tests_phase_b1.test_exact_oracle_isolation" name="test_exact_rollout_matches_physical_simulator_for_one_control_interval" time="0.008" /><testcase classname="tests_phase_b1.test_exact_oracle_isolation" name="test_b5_mirror_and_selected_first_actions_obey_hard_constraints" time="0.025" /><testcase classname="tests_phase_b1.test_phase_b1_audits" name="test_information_gramian_reports_rank_and_condition" time="0.000" /><testcase classname="tests_phase_b1.test_phase_b1_audits" name="test_gaussian_jsd_is_zero_for_identical_and_positive_for_separated_models" time="0.000" /><testcase classname="tests_phase_b1.test_phase_b1_audits" name="test_exact_vs_arx_power_error_uses_rolling_origin_without_future_power" time="0.002" /><testcase classname="tests_phase_b1.test_phase_b1_counterfactuals" name="test_true_arx_factor_ladder_changes_one_factor_per_step" time="0.000" /><testcase classname="tests_phase_b1.test_phase_b1_counterfactuals" name="test_runtime_counterfactuals_each_declare_one_change_from_p_old" time="0.000" /><testcase classname="tests_phase_b1.test_phase_b1_execution" name="test_final_attempt_failure_is_immutable_retained_and_not_marked_retryable" time="0.508" /><testcase classname="tests_phase_b1.test_phase_b1_execution" name="test_final_feedback_policy_and_representatives_are_frozen_before_execution" time="0.010" /><testcase classname="tests_phase_b1.test_phase_b1_package" name="test_review_package_mapping_requires_all_reports_tables_figures_and_evidence" time="0.001" /><testcase classname="tests_phase_b1.test_phase_b1_package" name="test_review_package_mapping_rejects_credentials_cache_and_high_frequency_raw" time="0.001" /><testcase classname="tests_phase_b1.test_phase_b1_protocol" name="test_sg_capability_levels_are_exactly_preregistered" time="0.002" /><testcase classname="tests_phase_b1.test_phase_b1_protocol" name="test_phase_b1_seed_splits_are_disjoint_and_final_is_not_tunable" time="0.009" /><testcase classname="tests_phase_b1.test_phase_b1_protocol" name="test_oracle_preregistration_forbids_future_truth_and_fallback_substitution" time="0.004" /></testsuite></testsuites>