<?xml version="1.0" encoding="utf-8"?><testsuites name="pytest tests"><testsuite name="pytest" errors="0" failures="0" skipped="0" tests="8" time="0.496" timestamp="2026-07-30T22:35:09.664932+08:00" hostname="PC-202607271509"><testcase classname="tests.phase_d.test_d7_negative_protocol" name="test_explicit_factor_manifest_and_seed_independence" time="0.031" /><testcase classname="tests.phase_d.test_d7_negative_protocol" name="test_seed_firewall_and_no_modulo_factor_encoding" time="0.002" /><testcase classname="tests.phase_d.test_d7_negative_protocol" name="test_locked_hashes_match_and_unimplemented_methods_are_not_failures" time="0.004" /><testcase classname="tests.phase_d.test_d7_negative_protocol" name="test_required_experiment_design_documents_are_well_formed" time="0.001" /><testcase classname="tests.phase_d.test_d8_negative_result" name="test_binding_final_status_and_hypotheses" time="0.000" /><testcase classname="tests.phase_d.test_d8_negative_result" name="test_every_d3_validation_episode_and_failure_is_retained" time="0.028" /><testcase classname="tests.phase_d.test_d8_negative_result" name="test_not_evaluated_is_separate_and_figures_are_nonempty" time="0.015" /><testcase classname="tests.phase_d.test_d8_negative_result" name="test_required_final_reports_are_well_formed" time="0.001" /></testsuite></testsuites>