<?xml version="1.0" encoding="utf-8"?><testsuites name="pytest tests"><testsuite name="pytest" errors="0" failures="0" skipped="0" tests="3" time="0.522" timestamp="2026-07-30T22:33:44.834052+08:00" hostname="PC-202607271509"><testcase classname="tests.phase_d.test_d8_negative_result" name="test_binding_final_status_and_hypotheses" time="0.001" /><testcase classname="tests.phase_d.test_d8_negative_result" name="test_every_d3_validation_episode_and_failure_is_retained" time="0.034" /><testcase classname="tests.phase_d.test_d8_negative_result" name="test_not_evaluated_is_separate_and_figures_are_nonempty" time="0.024" /></testsuite></testsuites>