<?xml version="1.0" encoding="utf-8"?><testsuites name="pytest tests"><testsuite name="pytest" errors="0" failures="0" skipped="0" tests="2" time="0.050" timestamp="2026-07-30T19:01:38.368692+08:00" hostname="PC-202607271509"><testcase classname="tests.phase_c.test_c1_literature" name="test_literature_preregistration_counts_and_fields" time="0.001" /><testcase classname="tests.phase_c.test_c1_literature" name="test_metadata_verification_has_no_fabricated_records" time="0.000" /></testsuite></testsuites>