<?xml version="1.0" encoding="utf-8"?><testsuites name="pytest tests"><testsuite name="pytest" errors="0" failures="0" skipped="0" tests="3" time="0.453" timestamp="2026-07-30T22:30:57.844726+08:00" hostname="PC-202607271509"><testcase classname="tests.phase_d.test_d7_negative_protocol" name="test_explicit_factor_manifest_and_seed_independence" time="0.038" /><testcase classname="tests.phase_d.test_d7_negative_protocol" name="test_seed_firewall_and_no_modulo_factor_encoding" time="0.002" /><testcase classname="tests.phase_d.test_d7_negative_protocol" name="test_locked_hashes_match_and_unimplemented_methods_are_not_failures" time="0.004" /></testsuite></testsuites>