<?xml version="1.0" encoding="utf-8"?><testsuites name="pytest tests"><testsuite name="pytest" errors="0" failures="0" skipped="0" tests="25" time="1.993" timestamp="2026-07-22T20:38:41.780528+08:00" hostname="LAPTOP-J1JLSPS2"><testcase classname="tests.test_config" name="test_deep_merge_is_recursive_and_does_not_mutate_inputs" time="0.001" /><testcase classname="tests.test_config" name="test_load_config_merges_ordered_yaml_layers_and_overrides" time="0.029" /><testcase classname="tests.test_config" name="test_paths_are_resolved_explicitly" time="0.004" /><testcase classname="tests.test_config" name="test_load_yaml_rejects_non_mapping_root" time="0.003" /><testcase classname="tests.test_environment" name="test_environment_collection_is_allowlisted_and_python_311" time="1.489" /><testcase classname="tests.test_environment" name="test_recursive_redaction_covers_required_sensitive_key_fragments" time="0.001" /><testcase classname="tests.test_environment" name="test_write_environment_info_redacts_caller_supplied_metadata" time="0.003" /><testcase classname="tests.test_hashing" name="test_sha256_known_vector_and_streamed_file" time="0.003" /><testcase classname="tests.test_hashing" name="test_json_hash_is_independent_of_mapping_order" time="0.000" /><testcase classname="tests.test_hashing" name="test_json_hash_supports_numpy_scalars_and_arrays" time="0.001" /><testcase classname="tests.test_hashing" name="test_directory_manifest_is_sorted_and_content_sensitive" time="0.012" /><testcase classname="tests.test_logging" name="test_jsonl_round_trip_supports_scientific_values" time="0.004" /><testcase classname="tests.test_logging" name="test_logger_preserves_context_and_records_exception" time="0.014" /><testcase classname="tests.test_logging" name="test_jsonl_rejects_nonfinite_values_and_nonobject_records" time="0.005" /><testcase classname="tests.test_package_import" name="test_package_import" time="0.000" /><testcase classname="tests.test_repository_hygiene" name="test_production_files_have_no_local_absolute_paths" time="0.008" /><testcase classname="tests.test_repository_hygiene" name="test_source_does_not_reference_unrelated_reproduction_package" time="0.006" /><testcase classname="tests.test_repository_hygiene" name="test_truth_configs_are_marked_simulator_and_evaluation_only" time="0.024" /><testcase classname="tests.test_repository_hygiene" name="test_controller_source_does_not_import_truth_config_names" time="0.001" /><testcase classname="tests.test_seeds" name="test_named_generators_are_reproducible_and_order_independent" time="0.001" /><testcase classname="tests.test_seeds" name="test_make_rng_does_not_modify_numpy_global_state" time="0.001" /><testcase classname="tests.test_seeds" name="test_spawn_rngs_is_reproducible" time="0.001" /><testcase classname="tests.test_seeds" name="test_invalid_seeds_are_rejected[-1]" time="0.001" /><testcase classname="tests.test_seeds" name="test_invalid_seeds_are_rejected[1.5]" time="0.001" /><testcase classname="tests.test_seeds" name="test_invalid_seeds_are_rejected[True]" time="0.001" /></testsuite></testsuites>