<?xml version="1.0" encoding="utf-8"?><testsuites name="pytest tests"><testsuite name="pytest" errors="0" failures="0" skipped="0" tests="284" time="250.059" timestamp="2026-07-22T22:43:04.236271+08:00" hostname="LAPTOP-J1JLSPS2"><testcase classname="tests.test_arx_recovery" name="test_regression_uses_phi_k_to_predict_p_k_plus_one" time="0.012" /><testcase classname="tests.test_arx_recovery" name="test_noise_free_persistently_exciting_arx_recovers_all_parameters" time="0.007" /><testcase classname="tests.test_arx_recovery" name="test_ridge_matches_equation_77_including_penalized_constant" time="0.024" /><testcase classname="tests.test_arx_recovery" name="test_residual_variance_uses_n_regression_rows_minus_seven" time="0.010" /><testcase classname="tests.test_arx_recovery" name="test_trajectory_fit_uses_literal_equation_78_raw_sample_count" time="0.007" /><testcase classname="tests.test_arx_recovery" name="test_fit_result_owns_immutable_arrays" time="0.007" /><testcase classname="tests.test_arx_recovery" name="test_regression_rejects_invalid_trajectories[p0-u0-omega0-at least three]" time="0.012" /><testcase classname="tests.test_arx_recovery" name="test_regression_rejects_invalid_trajectories[p1-u1-omega1-equal length]" time="0.009" /><testcase classname="tests.test_arx_recovery" name="test_regression_rejects_invalid_trajectories[p2-u2-omega2-finite]" time="0.008" /><testcase classname="tests.test_arx_recovery" name="test_fit_requires_positive_residual_degrees_of_freedom" time="0.002" /><testcase classname="tests.test_arx_recovery" name="test_arx_inputs_reject_complex_values_without_casting_warning" time="0.005" /><testcase classname="tests.test_arx_recovery" name="test_fit_rejects_invalid_ridge_lambda[-1.0]" time="0.008" /><testcase classname="tests.test_arx_recovery" name="test_fit_rejects_invalid_ridge_lambda[nan]" time="0.007" /><testcase classname="tests.test_arx_recovery" name="test_fit_rejects_invalid_ridge_lambda[inf]" time="0.005" /><testcase classname="tests.test_arx_state_space" name="test_arx_state_space_matches_equations_21_through_25" time="0.010" /><testcase classname="tests.test_arx_state_space" name="test_state_update_matches_scalar_arx_and_updates_all_lags" time="0.003" /><testcase classname="tests.test_arx_state_space" name="test_state_space_rollout_matches_repeated_scalar_arx" time="0.003" /><testcase classname="tests.test_arx_state_space" name="test_conversion_returns_fresh_caller_owned_matrices" time="0.002" /><testcase classname="tests.test_arx_state_space" name="test_conversion_rejects_invalid_theta[theta0]" time="0.004" /><testcase classname="tests.test_arx_state_space" name="test_conversion_rejects_invalid_theta[theta1]" time="0.001" /><testcase classname="tests.test_arx_state_space" name="test_conversion_rejects_invalid_theta[theta2]" time="0.002" /><testcase classname="tests.test_arx_state_space" name="test_conversion_rejects_invalid_theta[theta3]" time="0.001" /><testcase classname="tests.test_arx_state_space" name="test_state_history_rejects_non_finite_values" time="0.004" /><testcase classname="tests.test_config" name="test_deep_merge_is_recursive_and_does_not_mutate_inputs" time="0.004" /><testcase classname="tests.test_config" name="test_load_config_merges_ordered_yaml_layers_and_overrides" time="0.443" /><testcase classname="tests.test_config" name="test_paths_are_resolved_explicitly" time="0.027" /><testcase classname="tests.test_config" name="test_load_yaml_rejects_non_mapping_root" time="0.026" /><testcase classname="tests.test_distinguishability" name="test_equations_38_and_39_are_evaluated_exactly" time="0.008" /><testcase classname="tests.test_distinguishability" name="test_pairwise_matrix_is_symmetric_with_zero_diagonal" time="0.003" /><testcase classname="tests.test_distinguishability" name="test_zero_total_variance_and_complex_data_are_rejected" time="0.007" /><testcase classname="tests.test_disturbances" name="test_step_and_pulse_load_events_have_unambiguous_boundaries" time="0.002" /><testcase classname="tests.test_disturbances" name="test_sampled_noise_is_seeded_zoh_and_query_order_independent" time="0.004" /><testcase classname="tests.test_disturbances" name="test_disturbance_spec_realization_is_reproducible" time="0.002" /><testcase classname="tests.test_environment" name="test_environment_collection_is_allowlisted_and_python_311" time="0.101" /><testcase classname="tests.test_environment" name="test_recursive_redaction_covers_required_sensitive_key_fragments" time="0.009" /><testcase classname="tests.test_environment" name="test_write_environment_info_redacts_caller_supplied_metadata" time="0.043" /><testcase classname="tests.test_fallback" name="test_each_equation_70_condition_triggers_fallback[overrides0]" time="0.006" /><testcase classname="tests.test_fallback" name="test_each_equation_70_condition_triggers_fallback[overrides1]" time="0.002" /><testcase classname="tests.test_fallback" name="test_each_equation_70_condition_triggers_fallback[overrides2]" time="0.009" /><testcase classname="tests.test_fallback" name="test_each_equation_70_condition_triggers_fallback[overrides3]" time="0.009" /><testcase classname="tests.test_fallback" name="test_fallback_slack_threshold_is_strict_and_reasons_are_auditable" time="0.015" /><testcase classname="tests.test_fallback" name="test_equation_71_withdraws_positive_and_negative_commands_without_overshoot" time="0.006" /><testcase classname="tests.test_fallback" name="test_joint_amplitude_and_rate_clipping" time="0.018" /><testcase classname="tests.test_fallback" name="test_controller_implements_uniform_runtime_api_without_truth_argument" time="0.057" /><testcase classname="tests.test_fallback" name="test_controller_requires_reset_and_rejects_bad_estimator_state" time="0.036" /><testcase classname="tests.test_fallback" name="test_fallback_helpers_reject_nonfinite_or_invalid_inputs" time="0.008" /><testcase classname="tests.test_feature_standardization" name="test_feature_is_theta_plus_log_variance_with_exact_dimension" time="0.013" /><testcase classname="tests.test_feature_standardization" name="test_standardizer_matches_training_only_sklearn_statistics" time="0.087" /><testcase classname="tests.test_feature_standardization" name="test_constant_training_column_uses_standard_scaler_unit_scale" time="0.013" /><testcase classname="tests.test_feature_standardization" name="test_standardizer_rejects_non_eight_dimensional_or_nonreal_features[features0-ValueError]" time="0.001" /><testcase classname="tests.test_feature_standardization" name="test_standardizer_rejects_non_eight_dimensional_or_nonreal_features[features1-TypeError]" time="0.003" /><testcase classname="tests.test_feature_standardization" name="test_standardizer_rejects_non_eight_dimensional_or_nonreal_features[features2-ValueError]" time="0.008" /><testcase classname="tests.test_feature_standardization" name="test_held_out_assignment_reuses_frozen_scaler_and_mixture" time="0.420" /><testcase classname="tests.test_fixed_model_mpc" name="test_fixed_controller_is_controller_visible_and_returns_feasible_action" time="0.418" /><testcase classname="tests.test_fixed_model_mpc" name="test_fixed_controller_api_has_no_truth_argument" time="0.001" /><testcase classname="tests.test_fixed_model_mpc" name="test_fixed_mpc_with_grid_estimator_rejects_steady_load_offset" time="192.437" /><testcase classname="tests.test_global_arx_refit" name="test_global_refit_pools_cluster_samples_and_retains_component_ids" time="0.008" /><testcase classname="tests.test_global_arx_refit" name="test_global_refit_is_not_an_average_of_local_coefficients" time="0.008" /><testcase classname="tests.test_global_arx_refit" name="test_rank_deficiency_is_reported_as_infinite_condition_number" time="0.001" /><testcase classname="tests.test_global_arx_refit" name="test_refit_rejects_renumbered_or_gapped_components" time="0.002" /><testcase classname="tests.test_global_arx_refit" name="test_per_component_held_out_multistep_metrics_are_aggregated" time="0.012" /><testcase classname="tests.test_global_arx_refit" name="test_complete_unlabeled_pipeline_discovers_and_refits_two_components" time="0.073" /><testcase classname="tests.test_gmm_bic" name="test_bic_search_uses_all_k_one_through_six_and_recovers_four" time="0.217" /><testcase classname="tests.test_gmm_bic" name="test_gmm_multirestart_is_deterministic_without_external_labels" time="0.405" /><testcase classname="tests.test_gmm_bic" name="test_candidate_range_is_capped_by_episode_count" time="0.033" /><testcase classname="tests.test_gmm_bic" name="test_candidate_failure_is_recorded_and_does_not_abort_search" time="0.127" /><testcase classname="tests.test_gmm_sensitivity_audit" name="test_audit_is_source_isolated_and_cli_loads_only_train" time="0.030" /><testcase classname="tests.test_gmm_sensitivity_audit" name="test_audit_writes_only_diagnostic_csv_and_summary_and_preserves_sentinel" time="0.266" /><testcase classname="tests.test_gmm_sensitivity_audit" name="test_nonempty_output_is_rejected_without_touching_sentinel" time="0.150" /><testcase classname="tests.test_grid_equilibrium" name="test_zero_state_and_zero_inputs_are_an_equilibrium" time="0.002" /><testcase classname="tests.test_grid_equilibrium" name="test_nonzero_power_balance_is_an_equilibrium" time="0.002" /><testcase classname="tests.test_grid_equilibrium" name="test_continuous_matrices_match_equations_7_and_8" time="0.003" /><testcase classname="tests.test_grid_equilibrium" name="test_matrix_properties_are_defensive_copies" time="0.003" /><testcase classname="tests.test_grid_kf" name="test_predict_and_update_match_equations_33_to_37" time="0.005" /><testcase classname="tests.test_grid_kf" name="test_load_random_walk_noise_is_mapped_through_exact_Gd" time="0.004" /><testcase classname="tests.test_grid_kf" name="test_step_matches_separate_predict_and_update" time="0.003" /><testcase classname="tests.test_grid_kf" name="test_filter_estimates_a_constant_unmeasured_load" time="0.023" /><testcase classname="tests.test_grid_kf" name="test_controller_measurement_adapter_uses_previous_ibr_power" time="0.006" /><testcase classname="tests.test_grid_kf_validation" name="test_augmented_observability_excludes_only_integral_constant_offset" time="0.004" /><testcase classname="tests.test_grid_kf_validation" name="test_covariances_are_strictly_validated[process-value0-shape]" time="0.011" /><testcase classname="tests.test_grid_kf_validation" name="test_covariances_are_strictly_validated[process-value1-semidefinite]" time="0.009" /><testcase classname="tests.test_grid_kf_validation" name="test_covariances_are_strictly_validated[process-value2-symmetric]" time="0.012" /><testcase classname="tests.test_grid_kf_validation" name="test_covariances_are_strictly_validated[measurement-value3-shape]" time="0.020" /><testcase classname="tests.test_grid_kf_validation" name="test_covariances_are_strictly_validated[measurement-value4-positive definite]" time="0.015" /><testcase classname="tests.test_grid_kf_validation" name="test_covariances_are_strictly_validated[measurement-value5-finite]" time="0.033" /><testcase classname="tests.test_grid_kf_validation" name="test_covariances_are_strictly_validated[initial-value6-shape]" time="0.021" /><testcase classname="tests.test_grid_kf_validation" name="test_state_and_covariance_properties_are_defensive_copies" time="0.010" /><testcase classname="tests.test_grid_kf_validation" name="test_reset_validates_and_copies_inputs" time="0.023" /><testcase classname="tests.test_grid_kf_validation" name="test_invalid_step_is_rejected_before_state_mutation" time="0.014" /><testcase classname="tests.test_grid_kf_validation" name="test_measurement_adapter_requires_reset_and_visible_type" time="0.011" /><testcase classname="tests.test_grid_kf_validation" name="test_covariance_remains_symmetric_positive_semidefinite" time="0.136" /><testcase classname="tests.test_grid_kf_validation" name="test_runtime_signature_contains_no_truth_or_mode_argument" time="0.002" /><testcase classname="tests.test_grid_params_validation" name="test_grid_params_reject_invalid_values[f0_hz-0.0-strictly positive]" time="0.004" /><testcase classname="tests.test_grid_params_validation" name="test_grid_params_reject_invalid_values[M_s--1.0-strictly positive]" time="0.002" /><testcase classname="tests.test_grid_params_validation" name="test_grid_params_reject_invalid_values[D_pu--0.1-non-negative]" time="0.004" /><testcase classname="tests.test_grid_params_validation" name="test_grid_params_reject_invalid_values[T_t_s-nan-finite]" time="0.002" /><testcase classname="tests.test_grid_params_validation" name="test_grid_params_reject_invalid_values[T_g_s-inf-finite]" time="0.003" /><testcase classname="tests.test_grid_params_validation" name="test_grid_params_reject_invalid_values[R_pu-0.0-strictly positive]" time="0.004" /><testcase classname="tests.test_grid_params_validation" name="test_grid_params_reject_invalid_values[integration_step_s-0.6-must not exceed]" time="0.003" /><testcase classname="tests.test_grid_params_validation" name="test_grid_params_reject_invalid_values[integration_step_s-0.03-integer multiple]" time="0.004" /><testcase classname="tests.test_grid_params_validation" name="test_grid_params_reject_boolean_and_text_values" time="0.002" /><testcase classname="tests.test_grid_params_validation" name="test_state_builder_uses_documented_order_and_rejects_wrong_shape" time="0.001" /><testcase classname="tests.test_hashing" name="test_sha256_known_vector_and_streamed_file" time="0.010" /><testcase classname="tests.test_hashing" name="test_json_hash_is_independent_of_mapping_order" time="0.003" /><testcase classname="tests.test_hashing" name="test_json_hash_supports_numpy_scalars_and_arrays" time="0.002" /><testcase classname="tests.test_hashing" name="test_directory_manifest_is_sorted_and_content_sensitive" time="0.047" /><testcase classname="tests.test_hungarian_evaluation_only" name="test_private_label_alignment_is_evaluation_only_and_permutation_invariant" time="0.016" /><testcase classname="tests.test_hungarian_evaluation_only" name="test_rectangular_alignment_penalizes_unmatched_components" time="0.021" /><testcase classname="tests.test_hungarian_evaluation_only" name="test_assignment_implementation_is_absent_from_identification_package" time="0.009" /><testcase classname="tests.test_hungarian_evaluation_only" name="test_strict_library_round_trip_is_joint_predictor_compatible" time="0.017" /><testcase classname="tests.test_hungarian_evaluation_only" name="test_library_owns_arrays_and_quantile_mapping_is_immutable" time="0.001" /><testcase classname="tests.test_hungarian_evaluation_only" name="test_library_schema_rejects_unknown_or_mapping_fields" time="0.008" /><testcase classname="tests.test_hungarian_evaluation_only" name="test_selection_metadata_conversion_preserves_complete_bic_audit" time="0.038" /><testcase classname="tests.test_hybrid_simulator" name="test_zero_state_and_zero_action_remain_at_equilibrium" time="0.010" /><testcase classname="tests.test_hybrid_simulator" name="test_load_step_reduces_frequency_and_ibr_command_is_coupled" time="0.031" /><testcase classname="tests.test_hybrid_simulator" name="test_reset_seed_reproduces_load_and_measurement_noise" time="0.052" /><testcase classname="tests.test_hybrid_simulator" name="test_mode_switch_inside_control_period_preserves_state_and_changes_truth" time="0.011" /><testcase classname="tests.test_hybrid_simulator" name="test_right_continuous_events_do_not_leak_through_rk4_endpoint" time="0.027" /><testcase classname="tests.test_hybrid_simulator" name="test_delayed_command_does_not_leak_into_pre_delay_rk4_interval" time="0.018" /><testcase classname="tests.test_ibr_deadband" name="test_deadband_matches_equation_11[0.0-0.0]" time="0.002" /><testcase classname="tests.test_ibr_deadband" name="test_deadband_matches_equation_11[0.005-0.0]" time="0.001" /><testcase classname="tests.test_ibr_deadband" name="test_deadband_matches_equation_11[-0.005-0.0]" time="0.005" /><testcase classname="tests.test_ibr_deadband" name="test_deadband_matches_equation_11[0.01-0.0]" time="0.006" /><testcase classname="tests.test_ibr_deadband" name="test_deadband_matches_equation_11[-0.01-0.0]" time="0.008" /><testcase classname="tests.test_ibr_deadband" name="test_deadband_matches_equation_11[0.03-0.02]" time="0.004" /><testcase classname="tests.test_ibr_deadband" name="test_deadband_matches_equation_11[-0.03--0.02]" time="0.004" /><testcase classname="tests.test_ibr_deadband" name="test_deadband_is_continuous_at_both_edges" time="0.004" /><testcase classname="tests.test_ibr_deadband" name="test_deadband_is_applied_before_command_gain" time="0.002" /><testcase classname="tests.test_ibr_deadband" name="test_deadband_rejects_invalid_inputs[nan-0.0-finite]" time="0.001" /><testcase classname="tests.test_ibr_deadband" name="test_deadband_rejects_invalid_inputs[0.0-inf-finite]" time="0.003" /><testcase classname="tests.test_ibr_deadband" name="test_deadband_rejects_invalid_inputs[0.0--0.1-non-negative]" time="0.004" /><testcase classname="tests.test_ibr_delay" name="test_command_history_uses_right_continuous_zero_order_hold" time="0.006" /><testcase classname="tests.test_ibr_delay" name="test_duplicate_latest_timestamp_is_replaced_deterministically" time="0.002" /><testcase classname="tests.test_ibr_delay" name="test_history_rejects_out_of_order_or_invalid_samples" time="0.001" /><testcase classname="tests.test_ibr_delay" name="test_fixed_delay_transition_times_are_reported_exactly" time="0.001" /><testcase classname="tests.test_ibr_delay" name="test_fixed_delay_resolution" time="0.001" /><testcase classname="tests.test_ibr_delay" name="test_sinusoidal_ood_delay_is_bounded_and_repeatable" time="0.005" /><testcase classname="tests.test_ibr_delay" name="test_yaml_delay_profile_mapping_is_normalized" time="0.002" /><testcase classname="tests.test_ibr_delay" name="test_time_varying_delay_drives_history_query_without_mutation" time="0.001" /><testcase classname="tests.test_ibr_delay" name="test_resolved_delay_must_be_finite_and_nonnegative" time="0.002" /><testcase classname="tests.test_ibr_ramp_limit" name="test_ramp_limiter_clips_up_and_down_independently" time="0.002" /><testcase classname="tests.test_ibr_ramp_limit" name="test_ramp_limiter_preserves_unconstrained_derivative_inside_limits" time="0.005" /><testcase classname="tests.test_ibr_ramp_limit" name="test_derivative_applies_asymmetric_mode_ramps" time="0.002" /><testcase classname="tests.test_ibr_ramp_limit" name="test_rk4_step_obeys_active_ramp_limits" time="0.004" /><testcase classname="tests.test_ibr_ramp_limit" name="test_ramp_limiter_rejects_invalid_limits" time="0.001" /><testcase classname="tests.test_ibr_saturation" name="test_asymmetric_saturation_matches_equation_14[-1.0--0.07]" time="0.004" /><testcase classname="tests.test_ibr_saturation" name="test_asymmetric_saturation_matches_equation_14[-0.07--0.07]" time="0.005" /><testcase classname="tests.test_ibr_saturation" name="test_asymmetric_saturation_matches_equation_14[-0.03--0.03]" time="0.004" /><testcase classname="tests.test_ibr_saturation" name="test_asymmetric_saturation_matches_equation_14[0.0-0.0]" time="0.006" /><testcase classname="tests.test_ibr_saturation" name="test_asymmetric_saturation_matches_equation_14[0.01-0.01]" time="0.002" /><testcase classname="tests.test_ibr_saturation" name="test_asymmetric_saturation_matches_equation_14[0.02-0.02]" time="0.005" /><testcase classname="tests.test_ibr_saturation" name="test_asymmetric_saturation_matches_equation_14[1.0-0.02]" time="0.002" /><testcase classname="tests.test_ibr_saturation" name="test_output_dynamics_uses_saturated_q_not_unsaturated_q" time="0.002" /><testcase classname="tests.test_ibr_saturation" name="test_zero_capacity_clamps_both_directions" time="0.001" /><testcase classname="tests.test_ibr_saturation" name="test_derating_changes_target_without_instantly_clipping_physical_power" time="0.006" /><testcase classname="tests.test_ibr_saturation" name="test_saturation_rejects_negative_capacity" time="0.006" /><testcase classname="tests.test_ibr_second_order" name="test_state_array_round_trip_is_ordered_q_then_power" time="0.008" /><testcase classname="tests.test_ibr_second_order" name="test_derivative_matches_equations_12_13_and_15" time="0.004" /><testcase classname="tests.test_ibr_second_order" name="test_rk4_recovers_unlimited_cascade_step_response" time="0.240" /><testcase classname="tests.test_ibr_second_order" name="test_nominal_and_sluggish_modes_have_distinguishable_transients" time="0.081" /><testcase classname="tests.test_ibr_second_order" name="test_mode_parameters_are_strictly_validated[command_filter_time_s-0.0-positive]" time="0.006" /><testcase classname="tests.test_ibr_second_order" name="test_mode_parameters_are_strictly_validated[power_response_time_s--1.0-positive]" time="0.004" /><testcase classname="tests.test_ibr_second_order" name="test_mode_parameters_are_strictly_validated[delay_s--0.1-non-negative]" time="0.005" /><testcase classname="tests.test_ibr_second_order" name="test_mode_parameters_are_strictly_validated[command_gain--1.0-non-negative]" time="0.004" /><testcase classname="tests.test_ibr_second_order" name="test_mode_parameters_are_strictly_validated[frequency_gain-inf-finite]" time="0.003" /><testcase classname="tests.test_ibr_second_order" name="test_state_and_step_reject_invalid_values" time="0.002" /><testcase classname="tests.test_ibr_second_order" name="test_mode_parameters_reject_bool_and_numeric_strings[True]" time="0.003" /><testcase classname="tests.test_ibr_second_order" name="test_mode_parameters_reject_bool_and_numeric_strings[1.0]" time="0.002" /><testcase classname="tests.test_identification_label_leakage" name="test_public_trajectory_object_and_table_have_only_whitelisted_fields" time="2.075" /><testcase classname="tests.test_identification_label_leakage" name="test_mode_names_and_seed_truth_exist_only_in_private_evaluation_metadata" time="1.923" /><testcase classname="tests.test_identification_label_leakage" name="test_public_loader_never_requires_the_private_truth_tree" time="2.384" /><testcase classname="tests.test_identification_label_leakage" name="test_public_manifest_has_no_truth_bearing_keys" time="1.986" /><testcase classname="tests.test_identification_manifest_integrity" name="test_valid_public_dataset_loads_without_private_tree" time="0.154" /><testcase classname="tests.test_identification_manifest_integrity" name="test_public_manifest_schema_and_version_are_strict[unknown_field]" time="0.260" /><testcase classname="tests.test_identification_manifest_integrity" name="test_public_manifest_schema_and_version_are_strict[missing_field]" time="0.228" /><testcase classname="tests.test_identification_manifest_integrity" name="test_public_manifest_schema_and_version_are_strict[version]" time="0.110" /><testcase classname="tests.test_identification_manifest_integrity" name="test_public_manifest_duplicate_json_key_is_rejected" time="0.115" /><testcase classname="tests.test_identification_manifest_integrity" name="test_split_manifest_file_hash_is_always_verified" time="0.199" /><testcase classname="tests.test_identification_manifest_integrity" name="test_split_manifest_rows_reject_unsafe_or_ambiguous_values[path_traversal-invalid trajectory_id]" time="0.180" /><testcase classname="tests.test_identification_manifest_integrity" name="test_split_manifest_rows_reject_unsafe_or_ambiguous_values[duplicate-duplicate trajectory_id]" time="0.126" /><testcase classname="tests.test_identification_manifest_integrity" name="test_split_manifest_rows_reject_unsafe_or_ambiguous_values[bad_split-invalid split]" time="0.152" /><testcase classname="tests.test_identification_manifest_integrity" name="test_split_manifest_rows_reject_unsafe_or_ambiguous_values[bad_sha-lowercase SHA-256]" time="0.124" /><testcase classname="tests.test_identification_manifest_integrity" name="test_split_manifest_unknown_column_is_rejected" time="0.158" /><testcase classname="tests.test_identification_manifest_integrity" name="test_trajectory_directory_must_exactly_match_manifest[missing]" time="0.096" /><testcase classname="tests.test_identification_manifest_integrity" name="test_trajectory_directory_must_exactly_match_manifest[extra]" time="0.101" /><testcase classname="tests.test_identification_manifest_integrity" name="test_logical_trajectory_and_dataset_hashes_are_verified" time="0.159" /><testcase classname="tests.test_identification_manifest_integrity" name="test_unselected_trajectory_hash_is_still_verified" time="0.168" /><testcase classname="tests.test_identification_manifest_integrity" name="test_parquet_unknown_column_is_rejected_even_without_hash_check" time="0.124" /><testcase classname="tests.test_identification_splits" name="test_required_40_trajectory_split_is_exact_and_family_balanced" time="0.006" /><testcase classname="tests.test_identification_splits" name="test_complete_excitation_pairs_never_cross_trajectory_splits" time="1.642" /><testcase classname="tests.test_identification_splits" name="test_generation_is_bitwise_deterministic_for_same_seed" time="3.158" /><testcase classname="tests.test_identification_splits" name="test_public_split_manifest_hashes_every_parquet_file" time="2.005" /><testcase classname="tests.test_information_boundary" name="test_true_mode_exists_only_in_separate_evaluation_record" time="0.016" /><testcase classname="tests.test_interfaces" name="test_controller_visible_types_contain_no_truth_field" time="0.002" /><testcase classname="tests.test_interfaces" name="test_measurement_and_action_validate_finite_values" time="0.002" /><testcase classname="tests.test_joint_predictor" name="test_joint_block_model_matches_separate_grid_and_arx_steps" time="0.003" /><testcase classname="tests.test_joint_predictor" name="test_joint_selection_matrices_match_frequency_and_integral_states" time="0.004" /><testcase classname="tests.test_joint_predictor" name="test_joint_model_validates_shapes_and_returns_defensive_matrices" time="0.002" /><testcase classname="tests.test_logging" name="test_jsonl_round_trip_supports_scientific_values" time="0.013" /><testcase classname="tests.test_logging" name="test_logger_preserves_context_and_records_exception" time="0.032" /><testcase classname="tests.test_logging" name="test_jsonl_rejects_nonfinite_values_and_nonobject_records" time="0.011" /><testcase classname="tests.test_lqi_fallback" name="test_dare_gain_matches_equation_75_and_is_schur_stable" time="0.012" /><testcase classname="tests.test_lqi_fallback" name="test_dare_excludes_uncontrollable_load_state" time="0.007" /><testcase classname="tests.test_lqi_fallback" name="test_equilibrium_translation_uses_disturbance_estimate" time="0.006" /><testcase classname="tests.test_lqi_fallback" name="test_mid_episode_fallback_reuses_external_estimate_without_reset" time="0.004" /><testcase classname="tests.test_lqi_fallback" name="test_sg_action_obeys_amplitude_and_rate_limits[-0.1-0.0-0.01]" time="0.008" /><testcase classname="tests.test_lqi_fallback" name="test_sg_action_obeys_amplitude_and_rate_limits[0.1-0.0--0.01]" time="0.005" /><testcase classname="tests.test_lqi_fallback" name="test_sg_action_obeys_amplitude_and_rate_limits[-0.1-0.119-0.12]" time="0.005" /><testcase classname="tests.test_lqi_fallback" name="test_sg_action_obeys_amplitude_and_rate_limits[0.1--0.119--0.12]" time="0.007" /><testcase classname="tests.test_lqi_fallback" name="test_lqi_fallback_recovers_frequency_with_ibr_unavailable" time="2.657" /><testcase classname="tests.test_lqi_fallback" name="test_lqi_config_rejects_invalid_values[r_sg-0.0-positive]" time="0.003" /><testcase classname="tests.test_lqi_fallback" name="test_lqi_config_rejects_invalid_values[u_sg_ramp_pu_per_s--0.1-non-negative]" time="0.002" /><testcase classname="tests.test_lqi_fallback" name="test_lqi_config_rejects_invalid_values[ibr_withdraw_rate_pu_per_s--0.1-non-negative]" time="0.003" /><testcase classname="tests.test_mode_capability_bounds" name="test_power_and_directional_rate_quantiles_match_equation_84" time="0.003" /><testcase classname="tests.test_mode_capability_bounds" name="test_rate_estimation_never_differences_across_trajectory_boundaries" time="0.004" /><testcase classname="tests.test_mode_capability_bounds" name="test_missing_direction_has_zero_observed_capability" time="0.003" /><testcase classname="tests.test_mode_capability_bounds" name="test_capability_bound_configuration_is_validated[kwargs0]" time="0.002" /><testcase classname="tests.test_mode_capability_bounds" name="test_capability_bound_configuration_is_validated[kwargs1]" time="0.004" /><testcase classname="tests.test_mode_capability_bounds" name="test_capability_bound_configuration_is_validated[kwargs2]" time="0.006" /><testcase classname="tests.test_mode_schedules" name="test_piecewise_constant_schedule_switches_at_exact_boundary" time="0.003" /><testcase classname="tests.test_mode_schedules" name="test_schedule_rejects_duplicate_or_unsorted_switches" time="0.004" /><testcase classname="tests.test_model_config_files" name="test_all_versioned_physical_model_configs_build" time="0.072" /><testcase classname="tests.test_mpc_constraints" name="test_mpc_uses_one_shared_sequence_and_satisfies_dynamics" time="0.465" /><testcase classname="tests.test_mpc_constraints" name="test_input_and_rate_constraints_hold_across_horizon" time="0.422" /><testcase classname="tests.test_mpc_constraints" name="test_linearization_has_expected_seven_state_two_input_shape" time="0.007" /><testcase classname="tests.test_mpc_constraints" name="test_new_lower_capacity_mode_uses_reachable_initial_power_envelope" time="0.282" /><testcase classname="tests.test_mpc_constraints" name="test_zero_capacity_unavailable_model_is_a_valid_fixed_power_constraint" time="0.198" /><testcase classname="tests.test_mpc_constraints" name="test_horizon_one_matches_independent_unconstrained_kkt_solution" time="0.126" /><testcase classname="tests.test_multistep_validation" name="test_open_loop_rollout_uses_predicted_power_and_future_exogenous_inputs" time="0.002" /><testcase classname="tests.test_multistep_validation" name="test_validation_does_not_teacher_force_future_observed_power" time="0.002" /><testcase classname="tests.test_multistep_validation" name="test_validation_rolls_all_valid_origins_and_computes_lead_metrics" time="0.004" /><testcase classname="tests.test_multistep_validation" name="test_noise_free_model_has_zero_multistep_error" time="0.010" /><testcase classname="tests.test_multistep_validation" name="test_validation_rejects_non_positive_horizon[0]" time="0.005" /><testcase classname="tests.test_multistep_validation" name="test_validation_rejects_non_positive_horizon[-1]" time="0.002" /><testcase classname="tests.test_multistep_validation" name="test_validation_rejects_horizon_longer_than_trajectory" time="0.003" /><testcase classname="tests.test_multistep_validation" name="test_rollout_rejects_misaligned_exogenous_sequences" time="0.002" /><testcase classname="tests.test_offline_mode_discovery_pipeline" name="test_label_free_pipeline_writes_complete_auditable_artifacts" time="2.563" /><testcase classname="tests.test_offline_mode_discovery_pipeline" name="test_selected_component_count_is_exactly_the_training_bic_minimum" time="0.014" /><testcase classname="tests.test_offline_mode_discovery_pipeline" name="test_validation_uses_frozen_training_scaler" time="0.003" /><testcase classname="tests.test_offline_mode_discovery_pipeline" name="test_training_entry_point_has_no_private_truth_parameter" time="0.001" /><testcase classname="tests.test_offline_mode_discovery_pipeline" name="test_identification_orchestrator_source_has_a_strict_information_boundary" time="0.003" /><testcase classname="tests.test_offline_mode_discovery_pipeline" name="test_cli_source_hash_manifest_matches_exact_repository_files" time="0.035" /><testcase classname="tests.test_offline_mode_discovery_pipeline" name="test_base_config_preserves_switch_epsilon_for_selected_k_transition" time="0.042" /><testcase classname="tests.test_offline_mode_discovery_pipeline" name="test_empty_validation_component_fails_explicitly" time="0.067" /><testcase classname="tests.test_offline_mode_discovery_pipeline" name="test_pipeline_persists_label_free_evidence_on_validation_failure" time="0.889" /><testcase classname="tests.test_offline_mode_discovery_pipeline" name="test_model_library_hash_is_invariant_to_private_label_mutation" time="0.566" /><testcase classname="tests.test_offline_mode_discovery_pipeline" name="test_grid_frequency_error_propagation_matches_explicit_recurrence" time="0.003" /><testcase classname="tests.test_oracle_isolation" name="test_oracle_requires_explicit_evaluation_truth_and_selects_matching_model" time="0.259" /><testcase classname="tests.test_oracle_isolation" name="test_oracle_is_not_normal_controller_api_and_dependency_is_one_way" time="0.011" /><testcase classname="tests.test_oracle_isolation" name="test_oracle_uses_grid_estimator_once_per_new_measurement_time" time="0.558" /><testcase classname="tests.test_package_import" name="test_package_import" time="0.003" /><testcase classname="tests.test_power_balance_signs" name="test_load_increase_drives_frequency_down" time="0.007" /><testcase classname="tests.test_power_balance_signs" name="test_generation_and_ibr_power_drive_frequency_up" time="0.004" /><testcase classname="tests.test_power_balance_signs" name="test_primary_droop_opposes_frequency_deviation" time="0.003" /><testcase classname="tests.test_power_balance_signs" name="test_load_random_walk_channel_changes_only_load_state" time="0.008" /><testcase classname="tests.test_repository_hygiene" name="test_production_files_have_no_local_absolute_paths" time="0.153" /><testcase classname="tests.test_repository_hygiene" name="test_source_does_not_reference_unrelated_reproduction_package" time="0.120" /><testcase classname="tests.test_repository_hygiene" name="test_truth_configs_are_marked_simulator_and_evaluation_only" time="0.053" /><testcase classname="tests.test_repository_hygiene" name="test_controller_source_does_not_import_truth_config_names" time="0.007" /><testcase classname="tests.test_repository_hygiene" name="test_controller_runtime_tree_has_no_truth_label_or_evaluation_dependency" time="0.013" /><testcase classname="tests.test_repository_hygiene" name="test_production_source_uses_no_numpy_global_random_draws" time="0.045" /><testcase classname="tests.test_rk4_convergence" name="test_rk4_has_fourth_order_convergence" time="0.003" /><testcase classname="tests.test_rk4_convergence" name="test_rk4_is_pure_and_validates_derivative_shape" time="0.002" /><testcase classname="tests.test_rk4_convergence" name="test_integrate_rk4_uses_a_short_final_step" time="0.003" /><testcase classname="tests.test_safe_identification_data" name="test_all_excitation_families_satisfy_command_rate_and_frequency_audits[prbs]" time="0.008" /><testcase classname="tests.test_safe_identification_data" name="test_all_excitation_families_satisfy_command_rate_and_frequency_audits[band_limited]" time="0.009" /><testcase classname="tests.test_safe_identification_data" name="test_all_excitation_families_satisfy_command_rate_and_frequency_audits[multisine]" time="0.006" /><testcase classname="tests.test_safe_identification_data" name="test_all_excitation_families_satisfy_command_rate_and_frequency_audits[steps]" time="0.005" /><testcase classname="tests.test_safe_identification_data" name="test_unsafe_manual_excitation_is_detected" time="0.003" /><testcase classname="tests.test_safe_identification_data" name="test_every_mode_receives_the_exact_same_paired_exogenous_signals" time="5.755" /><testcase classname="tests.test_safe_identification_data" name="test_delayed_zoh_transition_is_not_applied_before_its_physical_time" time="0.136" /><testcase classname="tests.test_seeds" name="test_named_generators_are_reproducible_and_order_independent" time="0.004" /><testcase classname="tests.test_seeds" name="test_make_rng_does_not_modify_numpy_global_state" time="0.003" /><testcase classname="tests.test_seeds" name="test_spawn_rngs_is_reproducible" time="0.002" /><testcase classname="tests.test_seeds" name="test_invalid_seeds_are_rejected[-1]" time="0.002" /><testcase classname="tests.test_seeds" name="test_invalid_seeds_are_rejected[1.5]" time="0.002" /><testcase classname="tests.test_seeds" name="test_invalid_seeds_are_rejected[True]" time="0.003" /><testcase classname="tests.test_zoh_discretization" name="test_augmented_exponential_matches_scipy_cont2discrete" time="0.005" /><testcase classname="tests.test_zoh_discretization" name="test_discrete_matrices_propagate_a_constant_equilibrium_exactly" time="0.004" /><testcase classname="tests.test_zoh_discretization" name="test_exact_zoh_supports_multiple_input_widths" time="0.002" /><testcase classname="tests.test_zoh_discretization" name="test_exact_zoh_rejects_invalid_dimensions_or_values[A_c0-inputs0-0.1-square]" time="0.005" /><testcase classname="tests.test_zoh_discretization" name="test_exact_zoh_rejects_invalid_dimensions_or_values[A_c1-inputs1-0.1-2 rows]" time="0.003" /><testcase classname="tests.test_zoh_discretization" name="test_exact_zoh_rejects_invalid_dimensions_or_values[A_c2-inputs2-0.0-strictly positive]" time="0.003" /><testcase classname="tests.test_zoh_discretization" name="test_exact_zoh_rejects_invalid_dimensions_or_values[A_c3-inputs3-0.1-finite]" time="0.002" /></testsuite></testsuites>