<?xml version="1.0" encoding="utf-8"?><testsuites name="pytest tests"><testsuite name="pytest" errors="0" failures="0" skipped="0" tests="171" time="65.126" timestamp="2026-07-22T21:35:11.951633+08:00" hostname="LAPTOP-J1JLSPS2"><testcase classname="tests.test_config" name="test_deep_merge_is_recursive_and_does_not_mutate_inputs" time="0.001" /><testcase classname="tests.test_config" name="test_load_config_merges_ordered_yaml_layers_and_overrides" time="0.031" /><testcase classname="tests.test_config" name="test_paths_are_resolved_explicitly" time="0.005" /><testcase classname="tests.test_config" name="test_load_yaml_rejects_non_mapping_root" time="0.005" /><testcase classname="tests.test_disturbances" name="test_step_and_pulse_load_events_have_unambiguous_boundaries" time="0.002" /><testcase classname="tests.test_disturbances" name="test_sampled_noise_is_seeded_zoh_and_query_order_independent" time="0.001" /><testcase classname="tests.test_disturbances" name="test_disturbance_spec_realization_is_reproducible" time="0.001" /><testcase classname="tests.test_environment" name="test_environment_collection_is_allowlisted_and_python_311" time="0.052" /><testcase classname="tests.test_environment" name="test_recursive_redaction_covers_required_sensitive_key_fragments" time="0.001" /><testcase classname="tests.test_environment" name="test_write_environment_info_redacts_caller_supplied_metadata" time="0.004" /><testcase classname="tests.test_fallback" name="test_each_equation_70_condition_triggers_fallback[overrides0]" time="0.001" /><testcase classname="tests.test_fallback" name="test_each_equation_70_condition_triggers_fallback[overrides1]" time="0.001" /><testcase classname="tests.test_fallback" name="test_each_equation_70_condition_triggers_fallback[overrides2]" time="0.001" /><testcase classname="tests.test_fallback" name="test_each_equation_70_condition_triggers_fallback[overrides3]" time="0.001" /><testcase classname="tests.test_fallback" name="test_fallback_slack_threshold_is_strict_and_reasons_are_auditable" time="0.000" /><testcase classname="tests.test_fallback" name="test_equation_71_withdraws_positive_and_negative_commands_without_overshoot" time="0.001" /><testcase classname="tests.test_fallback" name="test_joint_amplitude_and_rate_clipping" time="0.001" /><testcase classname="tests.test_fallback" name="test_controller_implements_uniform_runtime_api_without_truth_argument" time="0.003" /><testcase classname="tests.test_fallback" name="test_controller_requires_reset_and_rejects_bad_estimator_state" time="0.004" /><testcase classname="tests.test_fallback" name="test_fallback_helpers_reject_nonfinite_or_invalid_inputs" time="0.001" /><testcase classname="tests.test_fixed_model_mpc" name="test_fixed_controller_is_controller_visible_and_returns_feasible_action" time="0.127" /><testcase classname="tests.test_fixed_model_mpc" name="test_fixed_controller_api_has_no_truth_argument" time="0.001" /><testcase classname="tests.test_fixed_model_mpc" name="test_fixed_mpc_with_grid_estimator_rejects_steady_load_offset" time="59.329" /><testcase classname="tests.test_grid_equilibrium" name="test_zero_state_and_zero_inputs_are_an_equilibrium" time="0.001" /><testcase classname="tests.test_grid_equilibrium" name="test_nonzero_power_balance_is_an_equilibrium" time="0.001" /><testcase classname="tests.test_grid_equilibrium" name="test_continuous_matrices_match_equations_7_and_8" time="0.001" /><testcase classname="tests.test_grid_equilibrium" name="test_matrix_properties_are_defensive_copies" time="0.001" /><testcase classname="tests.test_grid_kf" name="test_predict_and_update_match_equations_33_to_37" time="0.002" /><testcase classname="tests.test_grid_kf" name="test_load_random_walk_noise_is_mapped_through_exact_Gd" time="0.002" /><testcase classname="tests.test_grid_kf" name="test_step_matches_separate_predict_and_update" time="0.002" /><testcase classname="tests.test_grid_kf" name="test_filter_estimates_a_constant_unmeasured_load" time="0.012" /><testcase classname="tests.test_grid_kf" name="test_controller_measurement_adapter_uses_previous_ibr_power" time="0.002" /><testcase classname="tests.test_grid_kf_validation" name="test_augmented_observability_excludes_only_integral_constant_offset" time="0.001" /><testcase classname="tests.test_grid_kf_validation" name="test_covariances_are_strictly_validated[process-value0-shape]" time="0.001" /><testcase classname="tests.test_grid_kf_validation" name="test_covariances_are_strictly_validated[process-value1-semidefinite]" time="0.002" /><testcase classname="tests.test_grid_kf_validation" name="test_covariances_are_strictly_validated[process-value2-symmetric]" time="0.001" /><testcase classname="tests.test_grid_kf_validation" name="test_covariances_are_strictly_validated[measurement-value3-shape]" time="0.001" /><testcase classname="tests.test_grid_kf_validation" name="test_covariances_are_strictly_validated[measurement-value4-positive definite]" time="0.002" /><testcase classname="tests.test_grid_kf_validation" name="test_covariances_are_strictly_validated[measurement-value5-finite]" time="0.001" /><testcase classname="tests.test_grid_kf_validation" name="test_covariances_are_strictly_validated[initial-value6-shape]" time="0.001" /><testcase classname="tests.test_grid_kf_validation" name="test_state_and_covariance_properties_are_defensive_copies" time="0.001" /><testcase classname="tests.test_grid_kf_validation" name="test_reset_validates_and_copies_inputs" time="0.002" /><testcase classname="tests.test_grid_kf_validation" name="test_invalid_step_is_rejected_before_state_mutation" time="0.001" /><testcase classname="tests.test_grid_kf_validation" name="test_measurement_adapter_requires_reset_and_visible_type" time="0.001" /><testcase classname="tests.test_grid_kf_validation" name="test_covariance_remains_symmetric_positive_semidefinite" time="0.032" /><testcase classname="tests.test_grid_kf_validation" name="test_runtime_signature_contains_no_truth_or_mode_argument" time="0.001" /><testcase classname="tests.test_grid_params_validation" name="test_grid_params_reject_invalid_values[f0_hz-0.0-strictly positive]" time="0.001" /><testcase classname="tests.test_grid_params_validation" name="test_grid_params_reject_invalid_values[M_s--1.0-strictly positive]" time="0.001" /><testcase classname="tests.test_grid_params_validation" name="test_grid_params_reject_invalid_values[D_pu--0.1-non-negative]" time="0.001" /><testcase classname="tests.test_grid_params_validation" name="test_grid_params_reject_invalid_values[T_t_s-nan-finite]" time="0.001" /><testcase classname="tests.test_grid_params_validation" name="test_grid_params_reject_invalid_values[T_g_s-inf-finite]" time="0.001" /><testcase classname="tests.test_grid_params_validation" name="test_grid_params_reject_invalid_values[R_pu-0.0-strictly positive]" time="0.001" /><testcase classname="tests.test_grid_params_validation" name="test_grid_params_reject_invalid_values[integration_step_s-0.6-must not exceed]" time="0.001" /><testcase classname="tests.test_grid_params_validation" name="test_grid_params_reject_invalid_values[integration_step_s-0.03-integer multiple]" time="0.001" /><testcase classname="tests.test_grid_params_validation" name="test_grid_params_reject_boolean_and_text_values" time="0.001" /><testcase classname="tests.test_grid_params_validation" name="test_state_builder_uses_documented_order_and_rejects_wrong_shape" time="0.001" /><testcase classname="tests.test_hashing" name="test_sha256_known_vector_and_streamed_file" time="0.004" /><testcase classname="tests.test_hashing" name="test_json_hash_is_independent_of_mapping_order" time="0.001" /><testcase classname="tests.test_hashing" name="test_json_hash_supports_numpy_scalars_and_arrays" time="0.001" /><testcase classname="tests.test_hashing" name="test_directory_manifest_is_sorted_and_content_sensitive" time="0.012" /><testcase classname="tests.test_hybrid_simulator" name="test_zero_state_and_zero_action_remain_at_equilibrium" time="0.004" /><testcase classname="tests.test_hybrid_simulator" name="test_load_step_reduces_frequency_and_ibr_command_is_coupled" time="0.008" /><testcase classname="tests.test_hybrid_simulator" name="test_reset_seed_reproduces_load_and_measurement_noise" time="0.017" /><testcase classname="tests.test_hybrid_simulator" name="test_mode_switch_inside_control_period_preserves_state_and_changes_truth" time="0.005" /><testcase classname="tests.test_hybrid_simulator" name="test_right_continuous_events_do_not_leak_through_rk4_endpoint" time="0.011" /><testcase classname="tests.test_hybrid_simulator" name="test_delayed_command_does_not_leak_into_pre_delay_rk4_interval" time="0.007" /><testcase classname="tests.test_ibr_deadband" name="test_deadband_matches_equation_11[0.0-0.0]" time="0.001" /><testcase classname="tests.test_ibr_deadband" name="test_deadband_matches_equation_11[0.005-0.0]" time="0.001" /><testcase classname="tests.test_ibr_deadband" name="test_deadband_matches_equation_11[-0.005-0.0]" time="0.001" /><testcase classname="tests.test_ibr_deadband" name="test_deadband_matches_equation_11[0.01-0.0]" time="0.001" /><testcase classname="tests.test_ibr_deadband" name="test_deadband_matches_equation_11[-0.01-0.0]" time="0.001" /><testcase classname="tests.test_ibr_deadband" name="test_deadband_matches_equation_11[0.03-0.02]" time="0.001" /><testcase classname="tests.test_ibr_deadband" name="test_deadband_matches_equation_11[-0.03--0.02]" time="0.001" /><testcase classname="tests.test_ibr_deadband" name="test_deadband_is_continuous_at_both_edges" time="0.001" /><testcase classname="tests.test_ibr_deadband" name="test_deadband_is_applied_before_command_gain" time="0.001" /><testcase classname="tests.test_ibr_deadband" name="test_deadband_rejects_invalid_inputs[nan-0.0-finite]" time="0.001" /><testcase classname="tests.test_ibr_deadband" name="test_deadband_rejects_invalid_inputs[0.0-inf-finite]" time="0.001" /><testcase classname="tests.test_ibr_deadband" name="test_deadband_rejects_invalid_inputs[0.0--0.1-non-negative]" time="0.001" /><testcase classname="tests.test_ibr_delay" name="test_command_history_uses_right_continuous_zero_order_hold" time="0.000" /><testcase classname="tests.test_ibr_delay" name="test_duplicate_latest_timestamp_is_replaced_deterministically" time="0.000" /><testcase classname="tests.test_ibr_delay" name="test_history_rejects_out_of_order_or_invalid_samples" time="0.001" /><testcase classname="tests.test_ibr_delay" name="test_fixed_delay_transition_times_are_reported_exactly" time="0.001" /><testcase classname="tests.test_ibr_delay" name="test_fixed_delay_resolution" time="0.001" /><testcase classname="tests.test_ibr_delay" name="test_sinusoidal_ood_delay_is_bounded_and_repeatable" time="0.002" /><testcase classname="tests.test_ibr_delay" name="test_yaml_delay_profile_mapping_is_normalized" time="0.001" /><testcase classname="tests.test_ibr_delay" name="test_time_varying_delay_drives_history_query_without_mutation" time="0.001" /><testcase classname="tests.test_ibr_delay" name="test_resolved_delay_must_be_finite_and_nonnegative" time="0.001" /><testcase classname="tests.test_ibr_ramp_limit" name="test_ramp_limiter_clips_up_and_down_independently" time="0.001" /><testcase classname="tests.test_ibr_ramp_limit" name="test_ramp_limiter_preserves_unconstrained_derivative_inside_limits" time="0.001" /><testcase classname="tests.test_ibr_ramp_limit" name="test_derivative_applies_asymmetric_mode_ramps" time="0.001" /><testcase classname="tests.test_ibr_ramp_limit" name="test_rk4_step_obeys_active_ramp_limits" time="0.001" /><testcase classname="tests.test_ibr_ramp_limit" name="test_ramp_limiter_rejects_invalid_limits" time="0.001" /><testcase classname="tests.test_ibr_saturation" name="test_asymmetric_saturation_matches_equation_14[-1.0--0.07]" time="0.001" /><testcase classname="tests.test_ibr_saturation" name="test_asymmetric_saturation_matches_equation_14[-0.07--0.07]" time="0.001" /><testcase classname="tests.test_ibr_saturation" name="test_asymmetric_saturation_matches_equation_14[-0.03--0.03]" time="0.001" /><testcase classname="tests.test_ibr_saturation" name="test_asymmetric_saturation_matches_equation_14[0.0-0.0]" time="0.001" /><testcase classname="tests.test_ibr_saturation" name="test_asymmetric_saturation_matches_equation_14[0.01-0.01]" time="0.001" /><testcase classname="tests.test_ibr_saturation" name="test_asymmetric_saturation_matches_equation_14[0.02-0.02]" time="0.001" /><testcase classname="tests.test_ibr_saturation" name="test_asymmetric_saturation_matches_equation_14[1.0-0.02]" time="0.001" /><testcase classname="tests.test_ibr_saturation" name="test_output_dynamics_uses_saturated_q_not_unsaturated_q" time="0.001" /><testcase classname="tests.test_ibr_saturation" name="test_zero_capacity_clamps_both_directions" time="0.001" /><testcase classname="tests.test_ibr_saturation" name="test_derating_changes_target_without_instantly_clipping_physical_power" time="0.001" /><testcase classname="tests.test_ibr_saturation" name="test_saturation_rejects_negative_capacity" time="0.000" /><testcase classname="tests.test_ibr_second_order" name="test_state_array_round_trip_is_ordered_q_then_power" time="0.001" /><testcase classname="tests.test_ibr_second_order" name="test_derivative_matches_equations_12_13_and_15" time="0.000" /><testcase classname="tests.test_ibr_second_order" name="test_rk4_recovers_unlimited_cascade_step_response" time="0.091" /><testcase classname="tests.test_ibr_second_order" name="test_nominal_and_sluggish_modes_have_distinguishable_transients" time="0.038" /><testcase classname="tests.test_ibr_second_order" name="test_mode_parameters_are_strictly_validated[command_filter_time_s-0.0-positive]" time="0.001" /><testcase classname="tests.test_ibr_second_order" name="test_mode_parameters_are_strictly_validated[power_response_time_s--1.0-positive]" time="0.001" /><testcase classname="tests.test_ibr_second_order" name="test_mode_parameters_are_strictly_validated[delay_s--0.1-non-negative]" time="0.001" /><testcase classname="tests.test_ibr_second_order" name="test_mode_parameters_are_strictly_validated[command_gain--1.0-non-negative]" time="0.001" /><testcase classname="tests.test_ibr_second_order" name="test_mode_parameters_are_strictly_validated[frequency_gain-inf-finite]" time="0.001" /><testcase classname="tests.test_ibr_second_order" name="test_state_and_step_reject_invalid_values" time="0.001" /><testcase classname="tests.test_ibr_second_order" name="test_mode_parameters_reject_bool_and_numeric_strings[True]" time="0.001" /><testcase classname="tests.test_ibr_second_order" name="test_mode_parameters_reject_bool_and_numeric_strings[1.0]" time="0.001" /><testcase classname="tests.test_information_boundary" name="test_true_mode_exists_only_in_separate_evaluation_record" time="0.005" /><testcase classname="tests.test_interfaces" name="test_controller_visible_types_contain_no_truth_field" time="0.001" /><testcase classname="tests.test_interfaces" name="test_measurement_and_action_validate_finite_values" time="0.001" /><testcase classname="tests.test_logging" name="test_jsonl_round_trip_supports_scientific_values" time="0.005" /><testcase classname="tests.test_logging" name="test_logger_preserves_context_and_records_exception" time="0.008" /><testcase classname="tests.test_logging" name="test_jsonl_rejects_nonfinite_values_and_nonobject_records" time="0.005" /><testcase classname="tests.test_lqi_fallback" name="test_dare_gain_matches_equation_75_and_is_schur_stable" time="0.004" /><testcase classname="tests.test_lqi_fallback" name="test_dare_excludes_uncontrollable_load_state" time="0.003" /><testcase classname="tests.test_lqi_fallback" name="test_equilibrium_translation_uses_disturbance_estimate" time="0.002" /><testcase classname="tests.test_lqi_fallback" name="test_mid_episode_fallback_reuses_external_estimate_without_reset" time="0.002" /><testcase classname="tests.test_lqi_fallback" name="test_sg_action_obeys_amplitude_and_rate_limits[-0.1-0.0-0.01]" time="0.003" /><testcase classname="tests.test_lqi_fallback" name="test_sg_action_obeys_amplitude_and_rate_limits[0.1-0.0--0.01]" time="0.003" /><testcase classname="tests.test_lqi_fallback" name="test_sg_action_obeys_amplitude_and_rate_limits[-0.1-0.119-0.12]" time="0.002" /><testcase classname="tests.test_lqi_fallback" name="test_sg_action_obeys_amplitude_and_rate_limits[0.1--0.119--0.12]" time="0.003" /><testcase classname="tests.test_lqi_fallback" name="test_lqi_fallback_recovers_frequency_with_ibr_unavailable" time="1.183" /><testcase classname="tests.test_lqi_fallback" name="test_lqi_config_rejects_invalid_values[r_sg-0.0-positive]" time="0.001" /><testcase classname="tests.test_lqi_fallback" name="test_lqi_config_rejects_invalid_values[u_sg_ramp_pu_per_s--0.1-non-negative]" time="0.001" /><testcase classname="tests.test_lqi_fallback" name="test_lqi_config_rejects_invalid_values[ibr_withdraw_rate_pu_per_s--0.1-non-negative]" time="0.001" /><testcase classname="tests.test_mode_schedules" name="test_piecewise_constant_schedule_switches_at_exact_boundary" time="0.001" /><testcase classname="tests.test_mode_schedules" name="test_schedule_rejects_duplicate_or_unsorted_switches" time="0.001" /><testcase classname="tests.test_model_config_files" name="test_all_versioned_physical_model_configs_build" time="0.024" /><testcase classname="tests.test_mpc_constraints" name="test_mpc_uses_one_shared_sequence_and_satisfies_dynamics" time="0.148" /><testcase classname="tests.test_mpc_constraints" name="test_input_and_rate_constraints_hold_across_horizon" time="0.148" /><testcase classname="tests.test_mpc_constraints" name="test_linearization_has_expected_seven_state_two_input_shape" time="0.001" /><testcase classname="tests.test_mpc_constraints" name="test_new_lower_capacity_mode_uses_reachable_initial_power_envelope" time="0.172" /><testcase classname="tests.test_mpc_constraints" name="test_zero_capacity_unavailable_model_is_a_valid_fixed_power_constraint" time="0.073" /><testcase classname="tests.test_mpc_constraints" name="test_horizon_one_matches_independent_unconstrained_kkt_solution" time="0.048" /><testcase classname="tests.test_oracle_isolation" name="test_oracle_requires_explicit_evaluation_truth_and_selects_matching_model" time="0.090" /><testcase classname="tests.test_oracle_isolation" name="test_oracle_is_not_normal_controller_api_and_dependency_is_one_way" time="0.001" /><testcase classname="tests.test_oracle_isolation" name="test_oracle_uses_grid_estimator_once_per_new_measurement_time" time="0.166" /><testcase classname="tests.test_package_import" name="test_package_import" time="0.001" /><testcase classname="tests.test_power_balance_signs" name="test_load_increase_drives_frequency_down" time="0.001" /><testcase classname="tests.test_power_balance_signs" name="test_generation_and_ibr_power_drive_frequency_up" time="0.001" /><testcase classname="tests.test_power_balance_signs" name="test_primary_droop_opposes_frequency_deviation" time="0.001" /><testcase classname="tests.test_power_balance_signs" name="test_load_random_walk_channel_changes_only_load_state" time="0.001" /><testcase classname="tests.test_repository_hygiene" name="test_production_files_have_no_local_absolute_paths" time="0.028" /><testcase classname="tests.test_repository_hygiene" name="test_source_does_not_reference_unrelated_reproduction_package" time="0.015" /><testcase classname="tests.test_repository_hygiene" name="test_truth_configs_are_marked_simulator_and_evaluation_only" time="0.023" /><testcase classname="tests.test_repository_hygiene" name="test_controller_source_does_not_import_truth_config_names" time="0.002" /><testcase classname="tests.test_repository_hygiene" name="test_production_source_uses_no_numpy_global_random_draws" time="0.009" /><testcase classname="tests.test_rk4_convergence" name="test_rk4_has_fourth_order_convergence" time="0.001" /><testcase classname="tests.test_rk4_convergence" name="test_rk4_is_pure_and_validates_derivative_shape" time="0.001" /><testcase classname="tests.test_rk4_convergence" name="test_integrate_rk4_uses_a_short_final_step" time="0.001" /><testcase classname="tests.test_seeds" name="test_named_generators_are_reproducible_and_order_independent" time="0.001" /><testcase classname="tests.test_seeds" name="test_make_rng_does_not_modify_numpy_global_state" time="0.001" /><testcase classname="tests.test_seeds" name="test_spawn_rngs_is_reproducible" time="0.001" /><testcase classname="tests.test_seeds" name="test_invalid_seeds_are_rejected[-1]" time="0.001" /><testcase classname="tests.test_seeds" name="test_invalid_seeds_are_rejected[1.5]" time="0.001" /><testcase classname="tests.test_seeds" name="test_invalid_seeds_are_rejected[True]" time="0.001" /><testcase classname="tests.test_zoh_discretization" name="test_augmented_exponential_matches_scipy_cont2discrete" time="0.001" /><testcase classname="tests.test_zoh_discretization" name="test_discrete_matrices_propagate_a_constant_equilibrium_exactly" time="0.001" /><testcase classname="tests.test_zoh_discretization" name="test_exact_zoh_supports_multiple_input_widths" time="0.001" /><testcase classname="tests.test_zoh_discretization" name="test_exact_zoh_rejects_invalid_dimensions_or_values[A_c0-inputs0-0.1-square]" time="0.001" /><testcase classname="tests.test_zoh_discretization" name="test_exact_zoh_rejects_invalid_dimensions_or_values[A_c1-inputs1-0.1-2 rows]" time="0.001" /><testcase classname="tests.test_zoh_discretization" name="test_exact_zoh_rejects_invalid_dimensions_or_values[A_c2-inputs2-0.0-strictly positive]" time="0.001" /><testcase classname="tests.test_zoh_discretization" name="test_exact_zoh_rejects_invalid_dimensions_or_values[A_c3-inputs3-0.1-finite]" time="0.001" /></testsuite></testsuites>