<?xml version="1.0" encoding="utf-8"?><testsuites name="pytest tests"><testsuite name="pytest" errors="0" failures="0" skipped="0" tests="4" time="0.470" timestamp="2026-07-31T00:44:25.021512+08:00" hostname="PC-202607271509"><testcase classname="tests.phase_e.test_e0_forensic" name="test_independent_audit_matches_registered_expected_output" time="0.005" /><testcase classname="tests.phase_e.test_e0_forensic" name="test_phase_d_archive_is_complete_and_immutable_by_index" time="0.003" /><testcase classname="tests.phase_e.test_e0_forensic" name="test_phase_d_gate_is_explicitly_invalidated_not_generalized" time="0.000" /><testcase classname="tests.phase_e.test_e0_forensic" name="test_frozen_tag_and_phase_e_branch" time="0.037" /></testsuite></testsuites>