.......................................s................................ [ 11%]
........................................................................ [ 22%]
........................................................................ [ 33%]
........................................................................ [ 44%]
........................................................................ [ 55%]
........................................................................ [ 66%]
........................................................................ [ 77%]
........................................................................ [ 88%]
........................................................................ [ 99%]
.                                                                        [100%]
============================== warnings summary ===============================
tests/test_oracle_isolation.py::test_oracle_switches_parameterized_arx_and_unseen_mode_immediately_falls_back
tests/test_rls_adaptive_mpc.py::test_rls_equations_update_once_and_keep_same_precompiled_graph
  C:\Users\Administrator\Desktop\zhr\研究生材料\方向5实现\d5_hidden_mode_frequency_from_scratch\src\d5freq\optimization\solver_utils.py:287: UserWarning: Solution may be inaccurate. Try another solver, adjusting the solver settings, or solve with verbose=True for more information.
    solve_return = problem.solve(

-- Docs: https://docs.pytest.org/en/stable/how-to/capture-warnings.html
=============================== tests coverage ================================
______________ coverage: platform win32, python 3.11.15-final-0 _______________

Name                                                  Stmts   Miss  Cover
-------------------------------------------------------------------------
src\direction1freq\__init__.py                            1      0   100%
src\direction1freq\estimation\__init__.py                 2      0   100%
src\direction1freq\estimation\load_kalman.py             42      1    98%
src\direction1freq\identification\__init__.py             2      0   100%
src\direction1freq\identification\capability_set.py      74      3    96%
src\direction1freq\models\__init__.py                     4      0   100%
src\direction1freq\models\bess.py                        91      1    99%
src\direction1freq\models\plant_a.py                     88      2    98%
src\direction1freq\models\plant_b_andes.py              142     16    89%
-------------------------------------------------------------------------
TOTAL                                                   446     23    95%
Coverage XML written to file logs_phase_d/D9/coverage.xml
=========================== short test summary info ===========================
SKIPPED [1] tests\phase_d\test_d9_audit_and_package.py:45: run d9_build_review_package.py before the final package audit
648 passed, 1 skipped, 2 warnings in 233.31s (0:03:53)
